[0m2021-02-28 11:35:52 V/Net 1537133819: Loading BdhSession from cache file[0m
[0m2021-02-28 11:35:52 V/Net 1537133819: Loading server list from cache.[0m
[92m2021-02-28 11:35:52 I/Net 1537133819: Connected to server 36.155.229.198:14000[0m
[0m2021-02-28 11:35:52 V/Net 1537133819: Send: wtlogin.login[0m
[0m2021-02-28 11:35:52 V/Net 1537133819: Recv: LoginPacketResponse.Success[0m
[92m2021-02-28 11:35:52 I/Net 1537133819: Login successful[0m
[0m2021-02-28 11:35:52 V/Net 1537133819: Send: StatSvc.register[0m
[0m2021-02-28 11:35:52 V/Net 1537133819: Recv: Response(StatSvc.register)[0m
[92m2021-02-28 11:35:52 I/Net 1537133819: Scheduled key refresh in 5h 55min 0.0s.[0m
[0m2021-02-28 11:35:52 V/Net 1537133819: Send: StatSvc.register[0m
[0m2021-02-28 11:35:52 V/Net 1537133819: Recv: Response(StatSvc.register)[0m
[92m2021-02-28 11:35:52 I/Net 1537133819: Awaiting ConfigPushSvc.PushReq.[0m
[92m2021-02-28 11:35:52 I/Net 1537133819: Syncing friend message history...[0m
[92m2021-02-28 11:35:52 I/Net 1537133819: Start loading stranger list...[0m
[92m2021-02-28 11:35:52 I/Net 1537133819: Start loading friend list...[0m
[0m2021-02-28 11:35:52 V/Net 1537133819: Send: StatSvc.GetDevLoginInfo[0m
[0m2021-02-28 11:35:52 V/Net 1537133819: Send: MessageSvc.PbGetMsg[0m
[0m2021-02-28 11:35:52 V/Net 1537133819: Send: OidbSvc.0x496[0m
[0m2021-02-28 11:35:52 V/Net 1537133819: Send: OidbSvc.0x5d2_0[0m
[0m2021-02-28 11:35:52 V/Net 1537133819: Send: friendlist.getFriendGroupList[0m
[0m2021-02-28 11:35:52 V/Net 1537133819: Recv: StatSvc.GetDevLoginInfo.Response(deviceList.size=1)[0m
[0m2021-02-28 11:35:52 V/Net 1537133819: Recv: StrangerList.GetStrangerList.Response(result=0)[0m
[92m2021-02-28 11:35:52 I/Net 1537133819: Successfully loaded stranger list: 0 in total[0m
[92m2021-02-28 11:35:52 I/Net 1537133819: Syncing friend message history: Success.[0m
[0m2021-02-28 11:35:52 V/Net 1537133819: Recv: TroopManagement.GetTroopConfig.Response(true)[0m
[92m2021-02-28 11:35:52 I/Net 1537133819: Start loading group list...[0m
[0m2021-02-28 11:35:52 V/Net 1537133819: Send: friendlist.GetTroopListReqV2[0m
[0m2021-02-28 11:35:52 V/Net 1537133819: Recv: FriendList.GetFriendGroupList.Response[0m
[0m2021-02-28 11:35:52 V/Net 1537133819: Loading friend list: 3/3[0m
[92m2021-02-28 11:35:52 I/Net 1537133819: Successfully loaded friend list: 3 in total[0m
[0m2021-02-28 11:35:52 V/Net 1537133819: Recv: FriendList.GetFriendGroupList.Response[0m
[0m2021-02-28 11:35:52 V/Net 1537133819: Send: friendlist.GetTroopMemberListReq[0m
[0m2021-02-28 11:35:53 V/Net 1537133819: Recv: FriendList.GetTroopMemberList.Response[0m
[92m2021-02-28 11:35:53 I/Net 1537133819: Successfully loaded group list: 1 in total.[0m
[0m2021-02-28 11:35:55 V/Net 1537133819: Recv: ConfigPushSvc.PushReq.PushReqResponse.ServerListPush[0m
[92m2021-02-28 11:35:55 I/Net 1537133819: Server list updated.[0m
[0m2021-02-28 11:35:55 V/Net 1537133819: Saving bdh session to cache[0m
[0m2021-02-28 11:35:55 V/Net 1537133819: Saving server list to cache[0m
[0m2021-02-28 11:35:55 V/Net 1537133819: Send: ConfigPushSvc.PushResp[0m
[92m2021-02-28 11:35:55 I/Net 1537133819: ConfigPushSvc.PushReq: Server updated.[0m
[0m2021-02-28 11:35:55 V/Net 1537133819: Recv: ConfigPushSvc.PushReq.PushReqResponse.ConfigPush[0m
[96m2021-02-28 11:35:55 D/Net 1537133819: Received unknown commandName: ConfigPushSvc.PushDomain[0m
[0m2021-02-28 11:35:55 V/Net 1537133819: Saving bdh session to cache[0m
[0m2021-02-28 11:35:55 V/Net 1537133819: Send: ConfigPushSvc.PushResp[0m
[0m2021-02-28 11:36:12 V/Net 1537133819: Recv: RequestPushNotify(uin=1537133819, ctype=1, strService=MessageSvc, strCmd=PushNotify, usMsgType=166, stMsgInfo=net.mamoe.mirai.internal.network.protocol.data.jce.MsgInfo@70378b65)[0m
[0m2021-02-28 11:36:12 V/Net 1537133819: Send: MessageSvc.PbGetMsg[0m
[0m2021-02-28 11:36:12 V/Net 1537133819: Send: MessageSvc.PbDeleteMsg[0m
[0m2021-02-28 11:36:12 V/Net 1537133819: Send: MessageSvc.PbSendMsg[0m
[0m2021-02-28 11:36:12 V/Net 1537133819: Recv: MessageSvcPbSendMsg.Response.SUCCESS[0m
[0m2021-02-28 11:36:16 V/Net 1537133819: Send: OnlinePush.RespPush[0m
[0m2021-02-28 11:36:17 V/Net 1537133819: Send: OnlinePush.RespPush[0m
[0m2021-02-28 11:36:19 V/Net 1537133819: Send: OnlinePush.RespPush[0m
[0m2021-02-28 11:36:23 V/Net 1537133819: Send: OnlinePush.RespPush[0m
[0m2021-02-28 11:36:23 V/Net 1537133819: Recv: RequestPushNotify(uin=1537133819, ctype=1, strService=MessageSvc, strCmd=PushNotify, usMsgType=166, stMsgInfo=net.mamoe.mirai.internal.network.protocol.data.jce.MsgInfo@55a23252)[0m
[0m2021-02-28 11:36:23 V/Net 1537133819: Send: MessageSvc.PbGetMsg[0m
[0m2021-02-28 11:36:23 V/Net 1537133819: Send: MessageSvc.PbDeleteMsg[0m
[0m2021-02-28 11:36:23 V/Net 1537133819: Send: MessageSvc.PbSendMsg[0m
[0m2021-02-28 11:36:24 V/Net 1537133819: Recv: MessageSvcPbSendMsg.Response.SUCCESS[0m
[0m2021-02-28 11:36:24 V/Net 1537133819: Send: MessageSvc.PbSendMsg[0m
[0m2021-02-28 11:36:24 V/Net 1537133819: Recv: MessageSvcPbSendMsg.Response.SUCCESS[0m
[0m2021-02-28 11:36:25 V/Net 1537133819: Send: OnlinePush.RespPush[0m
[0m2021-02-28 11:36:26 V/Net 1537133819: Send: OnlinePush.RespPush[0m
[0m2021-02-28 11:36:28 V/Net 1537133819: Send: OnlinePush.RespPush[0m
[0m2021-02-28 11:36:31 V/Net 1537133819: Send: OnlinePush.RespPush[0m
[0m2021-02-28 11:41:55 V/Net 1537133819: Loading BdhSession from cache file[0m
[0m2021-02-28 11:41:55 V/Net 1537133819: Loading server list from cache.[0m
[92m2021-02-28 11:41:55 I/Net 1537133819: Connected to server 36.155.229.228:80[0m
[0m2021-02-28 11:41:55 V/Net 1537133819: Send: wtlogin.login[0m
[0m2021-02-28 11:41:55 V/Net 1537133819: Recv: LoginPacketResponse.Success[0m
[92m2021-02-28 11:41:55 I/Net 1537133819: Login successful[0m
[0m2021-02-28 11:41:55 V/Net 1537133819: Send: StatSvc.register[0m
[0m2021-02-28 11:41:55 V/Net 1537133819: Recv: Response(StatSvc.register)[0m
[92m2021-02-28 11:41:55 I/Net 1537133819: Scheduled key refresh in 5h 55min 0.0s.[0m
[0m2021-02-28 11:41:55 V/Net 1537133819: Send: StatSvc.register[0m
[0m2021-02-28 11:41:55 V/Net 1537133819: Recv: Response(StatSvc.register)[0m
[92m2021-02-28 11:41:55 I/Net 1537133819: Awaiting ConfigPushSvc.PushReq.[0m
[92m2021-02-28 11:41:55 I/Net 1537133819: Syncing friend message history...[0m
[92m2021-02-28 11:41:55 I/Net 1537133819: Start loading stranger list...[0m
[92m2021-02-28 11:41:55 I/Net 1537133819: Start loading friend list...[0m
[0m2021-02-28 11:41:55 V/Net 1537133819: Send: StatSvc.GetDevLoginInfo[0m
[0m2021-02-28 11:41:55 V/Net 1537133819: Send: MessageSvc.PbGetMsg[0m
[0m2021-02-28 11:41:55 V/Net 1537133819: Send: OidbSvc.0x496[0m
[0m2021-02-28 11:41:55 V/Net 1537133819: Send: OidbSvc.0x5d2_0[0m
[0m2021-02-28 11:41:55 V/Net 1537133819: Send: friendlist.getFriendGroupList[0m
[0m2021-02-28 11:41:56 V/Net 1537133819: Recv: StatSvc.GetDevLoginInfo.Response(deviceList.size=1)[0m
[0m2021-02-28 11:41:56 V/Net 1537133819: Recv: StrangerList.GetStrangerList.Response(result=0)[0m
[92m2021-02-28 11:41:56 I/Net 1537133819: Successfully loaded stranger list: 0 in total[0m
[0m2021-02-28 11:41:56 V/Net 1537133819: Recv: TroopManagement.GetTroopConfig.Response(true)[0m
[92m2021-02-28 11:41:56 I/Net 1537133819: Start loading group list...[0m
[0m2021-02-28 11:41:56 V/Net 1537133819: Send: friendlist.GetTroopListReqV2[0m
[0m2021-02-28 11:41:56 V/Net 1537133819: Recv: FriendList.GetFriendGroupList.Response[0m
[0m2021-02-28 11:41:56 V/Net 1537133819: Loading friend list: 3/3[0m
[92m2021-02-28 11:41:56 I/Net 1537133819: Successfully loaded friend list: 3 in total[0m
[0m2021-02-28 11:41:56 V/Net 1537133819: Send: MessageSvc.PbDeleteMsg[0m
[92m2021-02-28 11:41:56 I/Net 1537133819: Syncing friend message history: Success.[0m
[0m2021-02-28 11:41:56 V/Net 1537133819: Recv: FriendList.GetFriendGroupList.Response[0m
[0m2021-02-28 11:41:56 V/Net 1537133819: Send: friendlist.GetTroopMemberListReq[0m
[0m2021-02-28 11:41:56 V/Net 1537133819: Recv: FriendList.GetTroopMemberList.Response[0m
[92m2021-02-28 11:41:56 I/Net 1537133819: Successfully loaded group list: 1 in total.[0m
[0m2021-02-28 11:41:58 V/Net 1537133819: Recv: ConfigPushSvc.PushReq.PushReqResponse.ConfigPush[0m
[96m2021-02-28 11:41:58 D/Net 1537133819: Received unknown commandName: ConfigPushSvc.PushDomain[0m
[0m2021-02-28 11:41:58 V/Net 1537133819: Saving bdh session to cache[0m
[0m2021-02-28 11:41:58 V/Net 1537133819: Send: ConfigPushSvc.PushResp[0m
[92m2021-02-28 11:41:58 I/Net 1537133819: ConfigPushSvc.PushReq: Config updated.[0m
[0m2021-02-28 11:42:07 V/Net 1537133819: Send: OnlinePush.RespPush[0m
[0m2021-02-28 11:42:09 V/Net 1537133819: Send: OnlinePush.RespPush[0m
[0m2021-02-28 11:42:09 V/Net 1537133819: Recv: RequestPushNotify(uin=1537133819, ctype=1, strService=MessageSvc, strCmd=PushNotify, usMsgType=166, stMsgInfo=net.mamoe.mirai.internal.network.protocol.data.jce.MsgInfo@1803809d)[0m
[0m2021-02-28 11:42:09 V/Net 1537133819: Send: MessageSvc.PbGetMsg[0m
[0m2021-02-28 11:42:09 V/Net 1537133819: Send: MessageSvc.PbDeleteMsg[0m
[0m2021-02-28 11:42:09 V/Net 1537133819: Send: MessageSvc.PbSendMsg[0m
[0m2021-02-28 11:42:09 V/Net 1537133819: Recv: MessageSvcPbSendMsg.Response.SUCCESS[0m
[0m2021-02-28 11:42:09 V/Net 1537133819: Send: MessageSvc.PbSendMsg[0m
[0m2021-02-28 11:42:09 V/Net 1537133819: Recv: MessageSvcPbSendMsg.Response.SUCCESS[0m
[0m2021-02-28 11:42:15 V/Net 1537133819: Send: OnlinePush.RespPush[0m
[0m2021-02-28 11:42:17 V/Net 1537133819: Send: OnlinePush.RespPush[0m
[0m2021-02-28 11:42:47 V/Net 1537133819: Loading BdhSession from cache file[0m
[0m2021-02-28 11:42:47 V/Net 1537133819: Loading server list from cache.[0m
[92m2021-02-28 11:42:47 I/Net 1537133819: Connected to server 36.155.229.228:80[0m
[0m2021-02-28 11:42:47 V/Net 1537133819: Send: wtlogin.login[0m
[0m2021-02-28 11:42:48 V/Net 1537133819: Recv: LoginPacketResponse.Success[0m
[92m2021-02-28 11:42:48 I/Net 1537133819: Login successful[0m
[0m2021-02-28 11:42:48 V/Net 1537133819: Send: StatSvc.register[0m
[0m2021-02-28 11:42:48 V/Net 1537133819: Recv: Response(StatSvc.register)[0m
[0m2021-02-28 11:42:48 V/Net 1537133819: Send: StatSvc.register[0m
[92m2021-02-28 11:42:48 I/Net 1537133819: Scheduled key refresh in 5h 55min 0.0s.[0m
[0m2021-02-28 11:42:48 V/Net 1537133819: Recv: Response(StatSvc.register)[0m
[92m2021-02-28 11:42:48 I/Net 1537133819: Awaiting ConfigPushSvc.PushReq.[0m
[92m2021-02-28 11:42:48 I/Net 1537133819: Syncing friend message history...[0m
[92m2021-02-28 11:42:48 I/Net 1537133819: Start loading stranger list...[0m
[92m2021-02-28 11:42:48 I/Net 1537133819: Start loading friend list...[0m
[0m2021-02-28 11:42:48 V/Net 1537133819: Send: MessageSvc.PbGetMsg[0m
[0m2021-02-28 11:42:48 V/Net 1537133819: Send: StatSvc.GetDevLoginInfo[0m
[0m2021-02-28 11:42:48 V/Net 1537133819: Send: OidbSvc.0x496[0m
[0m2021-02-28 11:42:48 V/Net 1537133819: Send: OidbSvc.0x5d2_0[0m
[0m2021-02-28 11:42:48 V/Net 1537133819: Send: friendlist.getFriendGroupList[0m
[0m2021-02-28 11:42:48 V/Net 1537133819: Recv: StrangerList.GetStrangerList.Response(result=0)[0m
[92m2021-02-28 11:42:48 I/Net 1537133819: Successfully loaded stranger list: 0 in total[0m
[0m2021-02-28 11:42:48 V/Net 1537133819: Recv: StatSvc.GetDevLoginInfo.Response(deviceList.size=1)[0m
[0m2021-02-28 11:42:48 V/Net 1537133819: Recv: TroopManagement.GetTroopConfig.Response(true)[0m
[92m2021-02-28 11:42:48 I/Net 1537133819: Start loading group list...[0m
[0m2021-02-28 11:42:48 V/Net 1537133819: Send: friendlist.GetTroopListReqV2[0m
[0m2021-02-28 11:42:48 V/Net 1537133819: Recv: FriendList.GetFriendGroupList.Response[0m
[0m2021-02-28 11:42:48 V/Net 1537133819: Loading friend list: 3/3[0m
[92m2021-02-28 11:42:48 I/Net 1537133819: Successfully loaded friend list: 3 in total[0m
[0m2021-02-28 11:42:48 V/Net 1537133819: Send: MessageSvc.PbDeleteMsg[0m
[92m2021-02-28 11:42:48 I/Net 1537133819: Syncing friend message history: Success.[0m
[0m2021-02-28 11:42:48 V/Net 1537133819: Recv: FriendList.GetFriendGroupList.Response[0m
[0m2021-02-28 11:42:48 V/Net 1537133819: Send: friendlist.GetTroopMemberListReq[0m
[0m2021-02-28 11:42:48 V/Net 1537133819: Recv: FriendList.GetTroopMemberList.Response[0m
[92m2021-02-28 11:42:48 I/Net 1537133819: Successfully loaded group list: 1 in total.[0m
[96m2021-02-28 11:42:51 D/Net 1537133819: Received unknown commandName: ConfigPushSvc.PushDomain[0m
[0m2021-02-28 11:42:51 V/Net 1537133819: Recv: ConfigPushSvc.PushReq.PushReqResponse.ConfigPush[0m
[0m2021-02-28 11:42:51 V/Net 1537133819: Saving bdh session to cache[0m
[0m2021-02-28 11:42:51 V/Net 1537133819: Send: ConfigPushSvc.PushResp[0m
[92m2021-02-28 11:42:51 I/Net 1537133819: ConfigPushSvc.PushReq: Config updated.[0m
[0m2021-02-28 11:42:56 V/Net 1537133819: Send: OnlinePush.RespPush[0m
[0m2021-02-28 11:43:02 V/Net 1537133819: Send: OnlinePush.RespPush[0m
[0m2021-02-28 11:43:02 V/Net 1537133819: Recv: RequestPushNotify(uin=1537133819, ctype=1, strService=MessageSvc, strCmd=PushNotify, usMsgType=166, stMsgInfo=net.mamoe.mirai.internal.network.protocol.data.jce.MsgInfo@5334fe40)[0m
[0m2021-02-28 11:43:02 V/Net 1537133819: Send: MessageSvc.PbGetMsg[0m
[0m2021-02-28 11:43:02 V/Net 1537133819: Send: MessageSvc.PbDeleteMsg[0m
[0m2021-02-28 11:43:02 V/Net 1537133819: Send: MessageSvc.PbSendMsg[0m
[0m2021-02-28 11:43:02 V/Net 1537133819: Recv: MessageSvcPbSendMsg.Response.SUCCESS[0m
[0m2021-02-28 11:43:03 V/Net 1537133819: Send: OnlinePush.RespPush[0m
[0m2021-02-28 11:43:10 V/Net 1537133819: Send: OnlinePush.RespPush[0m
[0m2021-02-28 11:43:11 V/Net 1537133819: Send: OnlinePush.RespPush[0m
[0m2021-02-28 11:43:11 V/Net 1537133819: Send: OnlinePush.RespPush[0m
[0m2021-02-28 11:43:12 V/Net 1537133819: Recv: RequestPushNotify(uin=1537133819, ctype=1, strService=MessageSvc, strCmd=PushNotify, usMsgType=166, stMsgInfo=net.mamoe.mirai.internal.network.protocol.data.jce.MsgInfo@5ab61939)[0m
[0m2021-02-28 11:43:12 V/Net 1537133819: Send: MessageSvc.PbGetMsg[0m
[0m2021-02-28 11:43:12 V/Net 1537133819: Send: MessageSvc.PbDeleteMsg[0m
[0m2021-02-28 11:43:12 V/Net 1537133819: Send: MessageSvc.PbSendMsg[0m
[0m2021-02-28 11:43:12 V/Net 1537133819: Recv: MessageSvcPbSendMsg.Response.SUCCESS[0m
[0m2021-02-28 11:43:18 V/Net 1537133819: Send: OnlinePush.RespPush[0m
[0m2021-02-28 11:43:20 V/Net 1537133819: Send: OnlinePush.RespPush[0m
