[0m2021-02-16 10:36:02 V/Net 1537133819: Loading BdhSession from cache file[0m
[0m2021-02-16 10:36:02 V/Net 1537133819: Loading server list from cache.[0m
[92m2021-02-16 10:36:02 I/Net 1537133819: Connected to server 111.30.179.171:443[0m
[0m2021-02-16 10:36:02 V/Net 1537133819: Send: wtlogin.login[0m
[0m2021-02-16 10:36:02 V/Net 1537133819: Recv: LoginPacketResponse.Success[0m
[92m2021-02-16 10:36:02 I/Net 1537133819: Login successful[0m
[0m2021-02-16 10:36:02 V/Net 1537133819: Send: StatSvc.register[0m
[0m2021-02-16 10:36:02 V/Net 1537133819: Recv: Response(StatSvc.register)[0m
[0m2021-02-16 10:36:02 V/Net 1537133819: Send: StatSvc.register[0m
[92m2021-02-16 10:36:02 I/Net 1537133819: Scheduled key refresh in 5h 55min 0.0s.[0m
[0m2021-02-16 10:36:02 V/Net 1537133819: Recv: Response(StatSvc.register)[0m
[92m2021-02-16 10:36:02 I/Net 1537133819: Awaiting ConfigPushSvc.PushReq.[0m
[92m2021-02-16 10:36:02 I/Net 1537133819: Syncing friend message history...[0m
[92m2021-02-16 10:36:02 I/Net 1537133819: Start loading friend list...[0m
[92m2021-02-16 10:36:02 I/Net 1537133819: Start loading stranger list...[0m
[0m2021-02-16 10:36:02 V/Net 1537133819: Send: StatSvc.GetDevLoginInfo[0m
[0m2021-02-16 10:36:02 V/Net 1537133819: Send: MessageSvc.PbGetMsg[0m
[0m2021-02-16 10:36:02 V/Net 1537133819: Send: OidbSvc.0x496[0m
[0m2021-02-16 10:36:02 V/Net 1537133819: Send: OidbSvc.0x5d2_0[0m
[0m2021-02-16 10:36:02 V/Net 1537133819: Send: friendlist.getFriendGroupList[0m
[0m2021-02-16 10:36:03 V/Net 1537133819: Recv: StrangerList.GetStrangerList.Response(result=0)[0m
[92m2021-02-16 10:36:03 I/Net 1537133819: Successfully loaded stranger list: 0 in total[0m
[0m2021-02-16 10:36:03 V/Net 1537133819: Recv: StatSvc.GetDevLoginInfo.Response(deviceList.size=1)[0m
[92m2021-02-16 10:36:03 I/Net 1537133819: Syncing friend message history: Success.[0m
[0m2021-02-16 10:36:03 V/Net 1537133819: Recv: TroopManagement.GetTroopConfig.Response(true)[0m
[92m2021-02-16 10:36:03 I/Net 1537133819: Start loading group list...[0m
[0m2021-02-16 10:36:03 V/Net 1537133819: Recv: FriendList.GetFriendGroupList.Response[0m
[0m2021-02-16 10:36:03 V/Net 1537133819: Loading friend list: 3/3[0m
[92m2021-02-16 10:36:03 I/Net 1537133819: Successfully loaded friend list: 3 in total[0m
[0m2021-02-16 10:36:03 V/Net 1537133819: Send: friendlist.GetTroopListReqV2[0m
[0m2021-02-16 10:36:03 V/Net 1537133819: Recv: FriendList.GetFriendGroupList.Response[0m
[0m2021-02-16 10:36:03 V/Net 1537133819: Send: friendlist.GetTroopMemberListReq[0m
[0m2021-02-16 10:36:03 V/Net 1537133819: Recv: FriendList.GetTroopMemberList.Response[0m
[92m2021-02-16 10:36:03 I/Net 1537133819: Successfully loaded group list: 1 in total.[0m
[0m2021-02-16 10:36:05 V/Net 1537133819: Recv: ConfigPushSvc.PushReq.PushReqResponse.ServerListPush[0m
[92m2021-02-16 10:36:05 I/Net 1537133819: Server list updated.[0m
[0m2021-02-16 10:36:05 V/Net 1537133819: Saving bdh session to cache[0m
[0m2021-02-16 10:36:05 V/Net 1537133819: Saving server list to cache[0m
[0m2021-02-16 10:36:05 V/Net 1537133819: Send: ConfigPushSvc.PushResp[0m
[92m2021-02-16 10:36:05 I/Net 1537133819: ConfigPushSvc.PushReq: Server updated.[0m
[96m2021-02-16 10:36:05 D/Net 1537133819: Received unknown commandName: ConfigPushSvc.PushDomain[0m
[0m2021-02-16 10:36:05 V/Net 1537133819: Recv: ConfigPushSvc.PushReq.PushReqResponse.ConfigPush[0m
[0m2021-02-16 10:36:05 V/Net 1537133819: Saving bdh session to cache[0m
[0m2021-02-16 10:36:05 V/Net 1537133819: Send: ConfigPushSvc.PushResp[0m
[0m2021-02-16 10:44:40 V/Net 1537133819: Loading BdhSession from cache file[0m
[0m2021-02-16 10:44:40 V/Net 1537133819: Loading server list from cache.[0m
[92m2021-02-16 10:44:40 I/Net 1537133819: Connected to server 111.30.178.182:80[0m
[0m2021-02-16 10:44:40 V/Net 1537133819: Send: wtlogin.login[0m
[0m2021-02-16 10:44:41 V/Net 1537133819: Recv: LoginPacketResponse.Success[0m
[92m2021-02-16 10:44:41 I/Net 1537133819: Login successful[0m
[0m2021-02-16 10:44:41 V/Net 1537133819: Send: StatSvc.register[0m
[0m2021-02-16 10:44:41 V/Net 1537133819: Recv: Response(StatSvc.register)[0m
[0m2021-02-16 10:44:41 V/Net 1537133819: Send: StatSvc.register[0m
[92m2021-02-16 10:44:41 I/Net 1537133819: Scheduled key refresh in 5h 55min 0.0s.[0m
[0m2021-02-16 10:44:41 V/Net 1537133819: Recv: Response(StatSvc.register)[0m
[92m2021-02-16 10:44:41 I/Net 1537133819: Awaiting ConfigPushSvc.PushReq.[0m
[92m2021-02-16 10:44:41 I/Net 1537133819: Syncing friend message history...[0m
[92m2021-02-16 10:44:41 I/Net 1537133819: Start loading friend list...[0m
[92m2021-02-16 10:44:41 I/Net 1537133819: Start loading stranger list...[0m
[0m2021-02-16 10:44:41 V/Net 1537133819: Send: MessageSvc.PbGetMsg[0m
[0m2021-02-16 10:44:41 V/Net 1537133819: Send: StatSvc.GetDevLoginInfo[0m
[0m2021-02-16 10:44:41 V/Net 1537133819: Send: OidbSvc.0x496[0m
[0m2021-02-16 10:44:41 V/Net 1537133819: Send: OidbSvc.0x5d2_0[0m
[0m2021-02-16 10:44:41 V/Net 1537133819: Send: friendlist.getFriendGroupList[0m
[0m2021-02-16 10:44:41 V/Net 1537133819: Recv: StrangerList.GetStrangerList.Response(result=0)[0m
[92m2021-02-16 10:44:41 I/Net 1537133819: Successfully loaded stranger list: 0 in total[0m
[92m2021-02-16 10:44:41 I/Net 1537133819: Syncing friend message history: Success.[0m
[0m2021-02-16 10:44:41 V/Net 1537133819: Recv: TroopManagement.GetTroopConfig.Response(true)[0m
[92m2021-02-16 10:44:41 I/Net 1537133819: Start loading group list...[0m
[0m2021-02-16 10:44:41 V/Net 1537133819: Send: friendlist.GetTroopListReqV2[0m
[0m2021-02-16 10:44:41 V/Net 1537133819: Recv: FriendList.GetFriendGroupList.Response[0m
[0m2021-02-16 10:44:41 V/Net 1537133819: Loading friend list: 3/3[0m
[92m2021-02-16 10:44:41 I/Net 1537133819: Successfully loaded friend list: 3 in total[0m
[0m2021-02-16 10:44:41 V/Net 1537133819: Recv: StatSvc.GetDevLoginInfo.Response(deviceList.size=1)[0m
[0m2021-02-16 10:44:41 V/Net 1537133819: Recv: FriendList.GetFriendGroupList.Response[0m
[0m2021-02-16 10:44:41 V/Net 1537133819: Send: friendlist.GetTroopMemberListReq[0m
[0m2021-02-16 10:44:41 V/Net 1537133819: Recv: FriendList.GetTroopMemberList.Response[0m
[92m2021-02-16 10:44:41 I/Net 1537133819: Successfully loaded group list: 1 in total.[0m
[96m2021-02-16 10:44:44 D/Net 1537133819: Received unknown commandName: ConfigPushSvc.PushDomain[0m
[0m2021-02-16 10:44:44 V/Net 1537133819: Recv: ConfigPushSvc.PushReq.PushReqResponse.ConfigPush[0m
[0m2021-02-16 10:44:44 V/Net 1537133819: Saving bdh session to cache[0m
[0m2021-02-16 10:44:44 V/Net 1537133819: Send: ConfigPushSvc.PushResp[0m
[92m2021-02-16 10:44:44 I/Net 1537133819: ConfigPushSvc.PushReq: Config updated.[0m
[0m2021-02-16 10:46:34 V/Net 1537133819: Loading BdhSession from cache file[0m
[0m2021-02-16 10:46:34 V/Net 1537133819: Loading server list from cache.[0m
[92m2021-02-16 10:46:34 I/Net 1537133819: Connected to server 111.30.178.182:80[0m
[0m2021-02-16 10:46:34 V/Net 1537133819: Send: wtlogin.login[0m
[0m2021-02-16 10:46:35 V/Net 1537133819: Recv: LoginPacketResponse.Success[0m
[92m2021-02-16 10:46:35 I/Net 1537133819: Login successful[0m
[0m2021-02-16 10:46:35 V/Net 1537133819: Send: StatSvc.register[0m
[0m2021-02-16 10:46:35 V/Net 1537133819: Recv: Response(StatSvc.register)[0m
[92m2021-02-16 10:46:35 I/Net 1537133819: Scheduled key refresh in 5h 55min 0.0s.[0m
[0m2021-02-16 10:46:35 V/Net 1537133819: Send: StatSvc.register[0m
[0m2021-02-16 10:46:35 V/Net 1537133819: Recv: Response(StatSvc.register)[0m
[92m2021-02-16 10:46:35 I/Net 1537133819: Awaiting ConfigPushSvc.PushReq.[0m
[92m2021-02-16 10:46:35 I/Net 1537133819: Syncing friend message history...[0m
[92m2021-02-16 10:46:35 I/Net 1537133819: Start loading stranger list...[0m
[92m2021-02-16 10:46:35 I/Net 1537133819: Start loading friend list...[0m
[0m2021-02-16 10:46:35 V/Net 1537133819: Send: MessageSvc.PbGetMsg[0m
[0m2021-02-16 10:46:35 V/Net 1537133819: Send: StatSvc.GetDevLoginInfo[0m
[0m2021-02-16 10:46:35 V/Net 1537133819: Send: OidbSvc.0x496[0m
[0m2021-02-16 10:46:35 V/Net 1537133819: Send: OidbSvc.0x5d2_0[0m
[0m2021-02-16 10:46:35 V/Net 1537133819: Send: friendlist.getFriendGroupList[0m
[0m2021-02-16 10:46:35 V/Net 1537133819: Recv: StrangerList.GetStrangerList.Response(result=0)[0m
[92m2021-02-16 10:46:35 I/Net 1537133819: Successfully loaded stranger list: 0 in total[0m
[92m2021-02-16 10:46:35 I/Net 1537133819: Syncing friend message history: Success.[0m
[0m2021-02-16 10:46:35 V/Net 1537133819: Recv: TroopManagement.GetTroopConfig.Response(true)[0m
[92m2021-02-16 10:46:35 I/Net 1537133819: Start loading group list...[0m
[0m2021-02-16 10:46:35 V/Net 1537133819: Send: friendlist.GetTroopListReqV2[0m
[0m2021-02-16 10:46:35 V/Net 1537133819: Recv: FriendList.GetFriendGroupList.Response[0m
[0m2021-02-16 10:46:35 V/Net 1537133819: Loading friend list: 3/3[0m
[92m2021-02-16 10:46:35 I/Net 1537133819: Successfully loaded friend list: 3 in total[0m
[0m2021-02-16 10:46:35 V/Net 1537133819: Recv: StatSvc.GetDevLoginInfo.Response(deviceList.size=1)[0m
[0m2021-02-16 10:46:35 V/Net 1537133819: Recv: FriendList.GetFriendGroupList.Response[0m
[0m2021-02-16 10:46:35 V/Net 1537133819: Send: friendlist.GetTroopMemberListReq[0m
[0m2021-02-16 10:46:35 V/Net 1537133819: Recv: FriendList.GetTroopMemberList.Response[0m
[92m2021-02-16 10:46:35 I/Net 1537133819: Successfully loaded group list: 1 in total.[0m
[0m2021-02-16 10:46:38 V/Net 1537133819: Recv: ConfigPushSvc.PushReq.PushReqResponse.ConfigPush[0m
[0m2021-02-16 10:46:38 V/Net 1537133819: Saving bdh session to cache[0m
[0m2021-02-16 10:46:38 V/Net 1537133819: Send: ConfigPushSvc.PushResp[0m
[92m2021-02-16 10:46:38 I/Net 1537133819: ConfigPushSvc.PushReq: Config updated.[0m
[0m2021-02-16 10:47:25 V/Net 1537133819: Loading BdhSession from cache file[0m
[0m2021-02-16 10:47:25 V/Net 1537133819: Loading server list from cache.[0m
[92m2021-02-16 10:47:25 I/Net 1537133819: Connected to server 111.30.178.182:80[0m
[0m2021-02-16 10:47:25 V/Net 1537133819: Send: wtlogin.login[0m
[0m2021-02-16 10:47:26 V/Net 1537133819: Recv: LoginPacketResponse.Success[0m
[92m2021-02-16 10:47:26 I/Net 1537133819: Login successful[0m
[0m2021-02-16 10:47:26 V/Net 1537133819: Send: StatSvc.register[0m
[0m2021-02-16 10:47:26 V/Net 1537133819: Recv: Response(StatSvc.register)[0m
[0m2021-02-16 10:47:26 V/Net 1537133819: Send: StatSvc.register[0m
[92m2021-02-16 10:47:26 I/Net 1537133819: Scheduled key refresh in 5h 55min 0.0s.[0m
[0m2021-02-16 10:47:26 V/Net 1537133819: Recv: Response(StatSvc.register)[0m
[92m2021-02-16 10:47:26 I/Net 1537133819: Awaiting ConfigPushSvc.PushReq.[0m
[92m2021-02-16 10:47:26 I/Net 1537133819: Syncing friend message history...[0m
[92m2021-02-16 10:47:26 I/Net 1537133819: Start loading friend list...[0m
[92m2021-02-16 10:47:26 I/Net 1537133819: Start loading stranger list...[0m
[0m2021-02-16 10:47:26 V/Net 1537133819: Send: StatSvc.GetDevLoginInfo[0m
[0m2021-02-16 10:47:26 V/Net 1537133819: Send: OidbSvc.0x496[0m
[0m2021-02-16 10:47:26 V/Net 1537133819: Send: MessageSvc.PbGetMsg[0m
[0m2021-02-16 10:47:26 V/Net 1537133819: Send: OidbSvc.0x5d2_0[0m
[0m2021-02-16 10:47:26 V/Net 1537133819: Send: friendlist.getFriendGroupList[0m
[0m2021-02-16 10:47:26 V/Net 1537133819: Recv: StrangerList.GetStrangerList.Response(result=0)[0m
[92m2021-02-16 10:47:26 I/Net 1537133819: Successfully loaded stranger list: 0 in total[0m
[0m2021-02-16 10:47:26 V/Net 1537133819: Recv: StatSvc.GetDevLoginInfo.Response(deviceList.size=1)[0m
[92m2021-02-16 10:47:26 I/Net 1537133819: Syncing friend message history: Success.[0m
[0m2021-02-16 10:47:26 V/Net 1537133819: Recv: TroopManagement.GetTroopConfig.Response(true)[0m
[92m2021-02-16 10:47:26 I/Net 1537133819: Start loading group list...[0m
[0m2021-02-16 10:47:26 V/Net 1537133819: Send: friendlist.GetTroopListReqV2[0m
[0m2021-02-16 10:47:26 V/Net 1537133819: Recv: FriendList.GetFriendGroupList.Response[0m
[0m2021-02-16 10:47:26 V/Net 1537133819: Loading friend list: 3/3[0m
[92m2021-02-16 10:47:26 I/Net 1537133819: Successfully loaded friend list: 3 in total[0m
[0m2021-02-16 10:47:26 V/Net 1537133819: Recv: FriendList.GetFriendGroupList.Response[0m
[0m2021-02-16 10:47:26 V/Net 1537133819: Send: friendlist.GetTroopMemberListReq[0m
[0m2021-02-16 10:47:26 V/Net 1537133819: Recv: FriendList.GetTroopMemberList.Response[0m
[92m2021-02-16 10:47:26 I/Net 1537133819: Successfully loaded group list: 1 in total.[0m
[0m2021-02-16 10:47:29 V/Net 1537133819: Recv: ConfigPushSvc.PushReq.PushReqResponse.ConfigPush[0m
[0m2021-02-16 10:47:29 V/Net 1537133819: Saving bdh session to cache[0m
[0m2021-02-16 10:47:29 V/Net 1537133819: Send: ConfigPushSvc.PushResp[0m
[92m2021-02-16 10:47:29 I/Net 1537133819: ConfigPushSvc.PushReq: Config updated.[0m
[0m2021-02-16 10:51:56 V/Net 1537133819: Send: Heartbeat.Alive[0m
[0m2021-02-16 10:52:01 V/Net 1537133819: Send: Heartbeat.Alive[0m
[0m2021-02-16 10:52:11 V/Net 1537133819: Channel closed.[0m
[0m2021-02-16 10:52:11 V/Net 1537133819: Loading BdhSession from cache file[0m
[92m2021-02-16 10:52:11 I/Net 1537133819: Connected to server 36.155.229.179:14000[0m
[0m2021-02-16 10:52:11 V/Net 1537133819: Send: wtlogin.login[0m
[0m2021-02-16 10:52:11 V/Net 1537133819: Recv: LoginPacketResponse.Success[0m
[92m2021-02-16 10:52:11 I/Net 1537133819: Login successful[0m
[0m2021-02-16 10:52:11 V/Net 1537133819: Send: StatSvc.register[0m
[0m2021-02-16 10:52:12 V/Net 1537133819: Recv: Response(StatSvc.register)[0m
[92m2021-02-16 10:52:12 I/Net 1537133819: Scheduled key refresh in 5h 55min 0.0s.[0m
[92m2021-02-16 10:52:12 I/Net 1537133819: Syncing friend message history...[0m
[0m2021-02-16 10:52:12 V/Net 1537133819: Send: MessageSvc.PbGetMsg[0m
[92m2021-02-16 10:52:12 I/Net 1537133819: Syncing friend message history: Success.[0m
[0m2021-02-16 10:52:14 V/Net 1537133819: Recv: ConfigPushSvc.PushReq.PushReqResponse.ServerListPush[0m
[92m2021-02-16 10:52:14 I/Net 1537133819: Server list updated.[0m
[0m2021-02-16 10:52:14 V/Net 1537133819: Saving bdh session to cache[0m
[0m2021-02-16 10:52:14 V/Net 1537133819: Saving server list to cache[0m
[0m2021-02-16 10:52:14 V/Net 1537133819: Send: ConfigPushSvc.PushResp[0m
[0m2021-02-16 10:52:15 V/Net 1537133819: Recv: ConfigPushSvc.PushReq.PushReqResponse.ConfigPush[0m
[0m2021-02-16 10:52:15 V/Net 1537133819: Saving bdh session to cache[0m
[0m2021-02-16 10:52:15 V/Net 1537133819: Send: ConfigPushSvc.PushResp[0m
[96m2021-02-16 10:52:15 D/Net 1537133819: Received unknown commandName: ConfigPushSvc.PushDomain[0m
[0m2021-02-16 10:52:21 V/Net 1537133819: Send: MessageSvc.PbSendMsg[0m
[0m2021-02-16 10:52:21 V/Net 1537133819: Recv: MessageSvcPbSendMsg.Response.SUCCESS[0m
[0m2021-02-16 10:56:42 V/Net 1537133819: Send: Heartbeat.Alive[0m
[0m2021-02-16 10:56:47 V/Net 1537133819: Send: Heartbeat.Alive[0m
[0m2021-02-16 10:56:57 V/Net 1537133819: Loading BdhSession from cache file[0m
[92m2021-02-16 10:56:57 I/Net 1537133819: Connected to server 111.30.169.50:80[0m
[0m2021-02-16 10:56:57 V/Net 1537133819: Send: wtlogin.login[0m
[0m2021-02-16 10:56:57 V/Net 1537133819: Recv: LoginPacketResponse.Success[0m
[92m2021-02-16 10:56:57 I/Net 1537133819: Login successful[0m
[0m2021-02-16 10:56:57 V/Net 1537133819: Send: StatSvc.register[0m
[0m2021-02-16 10:56:57 V/Net 1537133819: Recv: Response(StatSvc.register)[0m
[92m2021-02-16 10:56:57 I/Net 1537133819: Scheduled key refresh in 5h 55min 0.0s.[0m
[92m2021-02-16 10:56:57 I/Net 1537133819: Syncing friend message history...[0m
[0m2021-02-16 10:56:57 V/Net 1537133819: Send: MessageSvc.PbGetMsg[0m
[0m2021-02-16 10:56:57 V/Net 1537133819: Send: MessageSvc.PbDeleteMsg[0m
[92m2021-02-16 10:56:57 I/Net 1537133819: Syncing friend message history: Success.[0m
[96m2021-02-16 10:57:00 D/Net 1537133819: Received unknown commandName: ConfigPushSvc.PushDomain[0m
[0m2021-02-16 10:57:00 V/Net 1537133819: Recv: ConfigPushSvc.PushReq.PushReqResponse.ConfigPush[0m
[0m2021-02-16 10:57:00 V/Net 1537133819: Saving bdh session to cache[0m
[0m2021-02-16 10:57:00 V/Net 1537133819: Send: ConfigPushSvc.PushResp[0m
[0m2021-02-16 11:01:27 V/Net 1537133819: Send: Heartbeat.Alive[0m
[0m2021-02-16 11:01:32 V/Net 1537133819: Send: Heartbeat.Alive[0m
[0m2021-02-16 11:01:42 V/Net 1537133819: Channel closed.[0m
[0m2021-02-16 11:01:42 V/Net 1537133819: Loading BdhSession from cache file[0m
[92m2021-02-16 11:01:42 I/Net 1537133819: Connected to server 111.30.169.59:443[0m
[0m2021-02-16 11:01:42 V/Net 1537133819: Send: wtlogin.login[0m
[0m2021-02-16 11:01:42 V/Net 1537133819: Recv: LoginPacketResponse.Success[0m
[92m2021-02-16 11:01:42 I/Net 1537133819: Login successful[0m
[0m2021-02-16 11:01:42 V/Net 1537133819: Send: StatSvc.register[0m
[0m2021-02-16 11:01:43 V/Net 1537133819: Recv: Response(StatSvc.register)[0m
[92m2021-02-16 11:01:43 I/Net 1537133819: Scheduled key refresh in 5h 55min 0.0s.[0m
[92m2021-02-16 11:01:43 I/Net 1537133819: Syncing friend message history...[0m
[0m2021-02-16 11:01:43 V/Net 1537133819: Send: MessageSvc.PbGetMsg[0m
[0m2021-02-16 11:01:43 V/Net 1537133819: Send: MessageSvc.PbDeleteMsg[0m
[92m2021-02-16 11:01:43 I/Net 1537133819: Syncing friend message history: Success.[0m
[0m2021-02-16 11:01:46 V/Net 1537133819: Recv: ConfigPushSvc.PushReq.PushReqResponse.ConfigPush[0m
[0m2021-02-16 11:01:46 V/Net 1537133819: Saving bdh session to cache[0m
[0m2021-02-16 11:01:46 V/Net 1537133819: Send: ConfigPushSvc.PushResp[0m
