[92m2021-02-11 22:48:39 I/Net 1537133819: Connected to server 114.221.148.179:14000[0m
[0m2021-02-11 22:48:39 V/Net 1537133819: Send: wtlogin.login[0m
[0m2021-02-11 22:48:39 V/Net 1537133819: Recv: LoginPacketResponse.Success[0m
[92m2021-02-11 22:48:39 I/Net 1537133819: Login successful[0m
[0m2021-02-11 22:48:39 V/Net 1537133819: Send: StatSvc.register[0m
[0m2021-02-11 22:48:40 V/Net 1537133819: Recv: Response(StatSvc.register)[0m
[92m2021-02-11 22:48:40 I/Net 1537133819: Scheduled key refresh in 5h 55min 0.0s.[0m
[0m2021-02-11 22:48:40 V/Net 1537133819: Send: StatSvc.register[0m
[0m2021-02-11 22:48:40 V/Net 1537133819: Recv: Response(StatSvc.register)[0m
[92m2021-02-11 22:48:40 I/Net 1537133819: Awaiting ConfigPushSvc.PushReq.[0m
[92m2021-02-11 22:48:40 I/Net 1537133819: Syncing friend message history...[0m
[92m2021-02-11 22:48:40 I/Net 1537133819: Start loading stranger list...[0m
[92m2021-02-11 22:48:40 I/Net 1537133819: Start loading friend list...[0m
[0m2021-02-11 22:48:40 V/Net 1537133819: Send: MessageSvc.PbGetMsg[0m
[0m2021-02-11 22:48:40 V/Net 1537133819: Send: StatSvc.GetDevLoginInfo[0m
[0m2021-02-11 22:48:40 V/Net 1537133819: Send: OidbSvc.0x496[0m
[0m2021-02-11 22:48:40 V/Net 1537133819: Send: OidbSvc.0x5d2_0[0m
[0m2021-02-11 22:48:40 V/Net 1537133819: Send: friendlist.getFriendGroupList[0m
[92m2021-02-11 22:48:40 I/Net 1537133819: Syncing friend message history: Success.[0m
[0m2021-02-11 22:48:40 V/Net 1537133819: Recv: StrangerList.GetStrangerList.Response(result=0)[0m
[92m2021-02-11 22:48:40 I/Net 1537133819: Successfully loaded stranger list: 0 in total[0m
[0m2021-02-11 22:48:40 V/Net 1537133819: Recv: StatSvc.GetDevLoginInfo.Response(deviceList.size=1)[0m
[0m2021-02-11 22:48:40 V/Net 1537133819: Recv: TroopManagement.GetTroopConfig.Response(true)[0m
[92m2021-02-11 22:48:40 I/Net 1537133819: Start loading group list...[0m
[0m2021-02-11 22:48:40 V/Net 1537133819: Send: friendlist.GetTroopListReqV2[0m
[0m2021-02-11 22:48:40 V/Net 1537133819: Recv: FriendList.GetFriendGroupList.Response[0m
[0m2021-02-11 22:48:40 V/Net 1537133819: Loading friend list: 3/3[0m
[92m2021-02-11 22:48:40 I/Net 1537133819: Successfully loaded friend list: 3 in total[0m
[92m2021-02-11 22:48:40 I/Net 1537133819: Saved 3 friends to local cache.[0m
[0m2021-02-11 22:48:40 V/Net 1537133819: Recv: FriendList.GetFriendGroupList.Response[0m
[0m2021-02-11 22:48:40 V/Net 1537133819: Send: friendlist.GetTroopMemberListReq[0m
[0m2021-02-11 22:48:40 V/Net 1537133819: Recv: FriendList.GetTroopMemberList.Response[0m
[92m2021-02-11 22:48:40 I/Net 1537133819: Successfully loaded group list: 1 in total.[0m
[92m2021-02-11 22:48:40 I/Net 1537133819: Saved 1 groups to local cache.[0m
[0m2021-02-11 22:48:42 V/Net 1537133819: Recv: ConfigPushSvc.PushReq.PushReqResponse.ChangeServer[0m
[92m2021-02-11 22:48:42 I/Net 1537133819: Connected to server 36.155.249.100:443[0m
[0m2021-02-11 22:48:42 V/Net 1537133819: Send: wtlogin.login[0m
[0m2021-02-11 22:48:43 V/Net 1537133819: Recv: LoginPacketResponse.Success[0m
[92m2021-02-11 22:48:43 I/Net 1537133819: Login successful[0m
[0m2021-02-11 22:48:43 V/Net 1537133819: Send: StatSvc.register[0m
[0m2021-02-11 22:48:43 V/Net 1537133819: Recv: Response(StatSvc.register)[0m
[92m2021-02-11 22:48:43 I/Net 1537133819: Scheduled key refresh in 5h 55min 0.0s.[0m
[92m2021-02-11 22:48:43 I/Net 1537133819: Syncing friend message history...[0m
[0m2021-02-11 22:48:43 V/Net 1537133819: Send: MessageSvc.PbGetMsg[0m
[92m2021-02-11 22:48:43 I/Net 1537133819: Syncing friend message history: Success.[0m
[96m2021-02-11 22:48:46 D/Net 1537133819: Received unknown commandName: ConfigPushSvc.PushDomain[0m
[0m2021-02-11 22:48:46 V/Net 1537133819: Recv: ConfigPushSvc.PushReq.PushReqResponse.Success[0m
[0m2021-02-11 22:48:46 V/Net 1537133819: Send: ConfigPushSvc.PushResp[0m
[0m2021-02-11 22:48:51 V/Net 1537133819: Send: MessageSvc.PbSendMsg[0m
[0m2021-02-11 22:48:51 V/Net 1537133819: Recv: MessageSvcPbSendMsg.Response.SUCCESS[0m
[0m2021-02-11 22:48:55 V/Net 1537133819: Send: OnlinePush.RespPush[0m
[0m2021-02-11 22:49:03 V/Net 1537133819: Send: OnlinePush.RespPush[0m
[0m2021-02-11 22:49:27 V/Net 1537133819: Send: MessageSvc.PbSendMsg[0m
[0m2021-02-11 22:49:27 V/Net 1537133819: Recv: MessageSvcPbSendMsg.Response.SUCCESS[0m
[0m2021-02-11 22:49:42 V/Net 1537133819: Send: MessageSvc.PbSendMsg[0m
[0m2021-02-11 22:49:42 V/Net 1537133819: Recv: MessageSvcPbSendMsg.Response.SUCCESS[0m
[0m2021-02-11 22:49:48 V/Net 1537133819: Send: MessageSvc.PbSendMsg[0m
[0m2021-02-11 22:49:48 V/Net 1537133819: Recv: MessageSvcPbSendMsg.Response.SUCCESS[0m
