[0m2021-02-15 10:52:16 V/Net 1537133819: No BdhSession cache[0m
[0m2021-02-15 10:52:16 V/Net 1537133819: No server list cached.[0m
[92m2021-02-15 10:52:16 I/Net 1537133819: Connected to server 183.232.94.44:80[0m
[0m2021-02-15 10:52:16 V/Net 1537133819: Send: wtlogin.login[0m
[0m2021-02-15 10:52:16 V/Net 1537133819: Recv: LoginPacketResponse.Success[0m
[92m2021-02-15 10:52:16 I/Net 1537133819: Login successful[0m
[0m2021-02-15 10:52:16 V/Net 1537133819: Send: StatSvc.register[0m
[0m2021-02-15 10:52:17 V/Net 1537133819: Recv: Response(StatSvc.register)[0m
[92m2021-02-15 10:52:17 I/Net 1537133819: Scheduled key refresh in 5h 55min 0.0s.[0m
[0m2021-02-15 10:52:17 V/Net 1537133819: Send: StatSvc.register[0m
[0m2021-02-15 10:52:17 V/Net 1537133819: Recv: Response(StatSvc.register)[0m
[92m2021-02-15 10:52:17 I/Net 1537133819: Awaiting ConfigPushSvc.PushReq.[0m
[92m2021-02-15 10:52:17 I/Net 1537133819: Syncing friend message history...[0m
[92m2021-02-15 10:52:17 I/Net 1537133819: Start loading friend list...[0m
[92m2021-02-15 10:52:17 I/Net 1537133819: Start loading stranger list...[0m
[0m2021-02-15 10:52:17 V/Net 1537133819: Send: StatSvc.GetDevLoginInfo[0m
[0m2021-02-15 10:52:17 V/Net 1537133819: Send: MessageSvc.PbGetMsg[0m
[0m2021-02-15 10:52:17 V/Net 1537133819: Send: OidbSvc.0x496[0m
[0m2021-02-15 10:52:17 V/Net 1537133819: Send: OidbSvc.0x5d2_0[0m
[0m2021-02-15 10:52:17 V/Net 1537133819: Send: friendlist.getFriendGroupList[0m
[0m2021-02-15 10:52:17 V/Net 1537133819: Recv: StatSvc.GetDevLoginInfo.Response(deviceList.size=1)[0m
[0m2021-02-15 10:52:17 V/Net 1537133819: Recv: StrangerList.GetStrangerList.Response(result=0)[0m
[92m2021-02-15 10:52:17 I/Net 1537133819: Successfully loaded stranger list: 0 in total[0m
[92m2021-02-15 10:52:17 I/Net 1537133819: Syncing friend message history: Success.[0m
[0m2021-02-15 10:52:17 V/Net 1537133819: Recv: TroopManagement.GetTroopConfig.Response(true)[0m
[92m2021-02-15 10:52:17 I/Net 1537133819: Start loading group list...[0m
[0m2021-02-15 10:52:17 V/Net 1537133819: Recv: FriendList.GetFriendGroupList.Response[0m
[0m2021-02-15 10:52:17 V/Net 1537133819: Send: friendlist.GetTroopListReqV2[0m
[0m2021-02-15 10:52:17 V/Net 1537133819: Loading friend list: 3/3[0m
[92m2021-02-15 10:52:17 I/Net 1537133819: Successfully loaded friend list: 3 in total[0m
[0m2021-02-15 10:52:17 V/Net 1537133819: Recv: FriendList.GetFriendGroupList.Response[0m
[0m2021-02-15 10:52:17 V/Net 1537133819: Send: friendlist.GetTroopMemberListReq[0m
[0m2021-02-15 10:52:17 V/Net 1537133819: Recv: FriendList.GetTroopMemberList.Response[0m
[92m2021-02-15 10:52:17 I/Net 1537133819: Successfully loaded group list: 1 in total.[0m
[0m2021-02-15 10:52:19 V/Net 1537133819: Recv: ConfigPushSvc.PushReq.PushReqResponse.ServerListPush[0m
[92m2021-02-15 10:52:19 I/Net 1537133819: Server list updated.[0m
[0m2021-02-15 10:52:19 V/Net 1537133819: No BdhSession to save to cache[0m
[0m2021-02-15 10:52:19 V/Net 1537133819: Saving server list to cache[0m
[0m2021-02-15 10:52:19 V/Net 1537133819: Send: ConfigPushSvc.PushResp[0m
[92m2021-02-15 10:52:19 I/Net 1537133819: ConfigPushSvc.PushReq: Server updated.[0m
[96m2021-02-15 10:52:19 D/Net 1537133819: Received unknown commandName: ConfigPushSvc.PushDomain[0m
[0m2021-02-15 10:52:20 V/Net 1537133819: Recv: ConfigPushSvc.PushReq.PushReqResponse.ConfigPush[0m
[0m2021-02-15 10:52:20 V/Net 1537133819: Saving bdh session to cache[0m
[0m2021-02-15 10:52:20 V/Net 1537133819: Send: ConfigPushSvc.PushResp[0m
[0m2021-02-15 10:52:52 V/Net 1537133819: Send: ImgStore.GroupPicUp[0m
[0m2021-02-15 10:52:52 V/Net 1537133819: Recv: FileExists(fileId=2804931866, fileInfo=ImgInfo(fileMd5=[-19, 19, -33, -83, -128, 102, -20, -78, -71, -73, 74, 112, 75, -79, 48, -116], fileType=2001, fileSize=35909, fileWidth=0, fileHeight=0))[0m
[0m2021-02-15 10:52:52 V/Net 1537133819: Send: MessageSvc.PbSendMsg[0m
[0m2021-02-15 10:52:52 V/Net 1537133819: Recv: MessageSvcPbSendMsg.Response.SUCCESS[0m
[0m2021-02-15 10:52:58 V/Net 1537133819: Send: OnlinePush.RespPush[0m
[0m2021-02-15 10:53:07 V/Net 1537133819: Send: OnlinePush.RespPush[0m
[0m2021-02-15 10:53:16 V/Net 1537133819: Recv: RequestPushNotify(uin=1537133819, ctype=1, strService=MessageSvc, strCmd=PushNotify, usMsgType=166, stMsgInfo=net.mamoe.mirai.internal.network.protocol.data.jce.MsgInfo@182976f5)[0m
[0m2021-02-15 10:53:16 V/Net 1537133819: Send: MessageSvc.PbGetMsg[0m
[0m2021-02-15 10:53:16 V/Net 1537133819: Send: MessageSvc.PbDeleteMsg[0m
[0m2021-02-15 10:53:16 V/Net 1537133819: Send: MessageSvc.PbSendMsg[0m
[0m2021-02-15 10:53:16 V/Net 1537133819: Recv: MessageSvcPbSendMsg.Response.SUCCESS[0m
[0m2021-02-15 10:53:20 V/Net 1537133819: Send: OnlinePush.RespPush[0m
[0m2021-02-15 10:53:22 V/Net 1537133819: Send: OnlinePush.RespPush[0m
[0m2021-02-15 10:53:22 V/Net 1537133819: Recv: RequestPushNotify(uin=1537133819, ctype=1, strService=MessageSvc, strCmd=PushNotify, usMsgType=166, stMsgInfo=net.mamoe.mirai.internal.network.protocol.data.jce.MsgInfo@5875f10a)[0m
[0m2021-02-15 10:53:22 V/Net 1537133819: Send: MessageSvc.PbGetMsg[0m
[0m2021-02-15 10:53:22 V/Net 1537133819: Send: MessageSvc.PbDeleteMsg[0m
[0m2021-02-15 10:53:22 V/Net 1537133819: Send: LongConn.OffPicUp[0m
[0m2021-02-15 10:53:22 V/Net 1537133819: Recv: FileExists(resourceId=/1537133819-4094343391-55AAE75900EFE3D1B878D5EC84F3ECC0, imageInfo=net.mamoe.mirai.internal.network.protocol.data.proto.Cmd0x352$ImgInfo@6472a5a9)[0m
[0m2021-02-15 10:53:22 V/Net 1537133819: Send: MessageSvc.PbSendMsg[0m
[0m2021-02-15 10:53:23 V/Net 1537133819: Recv: MessageSvcPbSendMsg.Response.SUCCESS[0m
[0m2021-02-15 10:53:29 V/Net 1537133819: Send: OnlinePush.RespPush[0m
[0m2021-02-15 10:53:30 V/Net 1537133819: Send: OnlinePush.RespPush[0m
[0m2021-02-15 11:48:25 V/Net 1537133819: Loading BdhSession from cache file[0m
[0m2021-02-15 11:48:25 V/Net 1537133819: Loading server list from cache.[0m
[92m2021-02-15 11:48:25 I/Net 1537133819: Connected to server 111.30.181.215:80[0m
[0m2021-02-15 11:48:25 V/Net 1537133819: Send: wtlogin.login[0m
[0m2021-02-15 11:48:25 V/Net 1537133819: Recv: LoginPacketResponse.Success[0m
[92m2021-02-15 11:48:25 I/Net 1537133819: Login successful[0m
[0m2021-02-15 11:48:25 V/Net 1537133819: Send: StatSvc.register[0m
[0m2021-02-15 11:48:25 V/Net 1537133819: Recv: Response(StatSvc.register)[0m
[92m2021-02-15 11:48:25 I/Net 1537133819: Scheduled key refresh in 5h 55min 0.0s.[0m
[0m2021-02-15 11:48:25 V/Net 1537133819: Send: StatSvc.register[0m
[0m2021-02-15 11:48:25 V/Net 1537133819: Recv: Response(StatSvc.register)[0m
[92m2021-02-15 11:48:25 I/Net 1537133819: Awaiting ConfigPushSvc.PushReq.[0m
[92m2021-02-15 11:48:25 I/Net 1537133819: Syncing friend message history...[0m
[92m2021-02-15 11:48:25 I/Net 1537133819: Start loading stranger list...[0m
[92m2021-02-15 11:48:25 I/Net 1537133819: Start loading friend list...[0m
[0m2021-02-15 11:48:25 V/Net 1537133819: Send: MessageSvc.PbGetMsg[0m
[0m2021-02-15 11:48:25 V/Net 1537133819: Send: StatSvc.GetDevLoginInfo[0m
[0m2021-02-15 11:48:25 V/Net 1537133819: Send: OidbSvc.0x496[0m
[0m2021-02-15 11:48:25 V/Net 1537133819: Send: OidbSvc.0x5d2_0[0m
[0m2021-02-15 11:48:25 V/Net 1537133819: Send: friendlist.getFriendGroupList[0m
[0m2021-02-15 11:48:25 V/Net 1537133819: Recv: StrangerList.GetStrangerList.Response(result=0)[0m
[92m2021-02-15 11:48:25 I/Net 1537133819: Successfully loaded stranger list: 0 in total[0m
[0m2021-02-15 11:48:25 V/Net 1537133819: Recv: StatSvc.GetDevLoginInfo.Response(deviceList.size=1)[0m
[92m2021-02-15 11:48:25 I/Net 1537133819: Syncing friend message history: Success.[0m
[0m2021-02-15 11:48:25 V/Net 1537133819: Recv: TroopManagement.GetTroopConfig.Response(true)[0m
[92m2021-02-15 11:48:25 I/Net 1537133819: Start loading group list...[0m
[0m2021-02-15 11:48:25 V/Net 1537133819: Send: friendlist.GetTroopListReqV2[0m
[0m2021-02-15 11:48:25 V/Net 1537133819: Recv: FriendList.GetFriendGroupList.Response[0m
[0m2021-02-15 11:48:25 V/Net 1537133819: Loading friend list: 3/3[0m
[92m2021-02-15 11:48:25 I/Net 1537133819: Successfully loaded friend list: 3 in total[0m
[0m2021-02-15 11:48:25 V/Net 1537133819: Recv: FriendList.GetFriendGroupList.Response[0m
[0m2021-02-15 11:48:26 V/Net 1537133819: Send: friendlist.GetTroopMemberListReq[0m
[0m2021-02-15 11:48:26 V/Net 1537133819: Recv: FriendList.GetTroopMemberList.Response[0m
[92m2021-02-15 11:48:26 I/Net 1537133819: Successfully loaded group list: 1 in total.[0m
[0m2021-02-15 11:48:28 V/Net 1537133819: Recv: ConfigPushSvc.PushReq.PushReqResponse.ServerListPush[0m
[92m2021-02-15 11:48:28 I/Net 1537133819: Server list updated.[0m
[0m2021-02-15 11:48:28 V/Net 1537133819: Saving bdh session to cache[0m
[0m2021-02-15 11:48:28 V/Net 1537133819: Saving server list to cache[0m
[0m2021-02-15 11:48:28 V/Net 1537133819: Send: ConfigPushSvc.PushResp[0m
[92m2021-02-15 11:48:28 I/Net 1537133819: ConfigPushSvc.PushReq: Server updated.[0m
[96m2021-02-15 11:48:28 D/Net 1537133819: Received unknown commandName: ConfigPushSvc.PushDomain[0m
[0m2021-02-15 11:48:28 V/Net 1537133819: Recv: ConfigPushSvc.PushReq.PushReqResponse.ConfigPush[0m
[0m2021-02-15 11:48:28 V/Net 1537133819: Saving bdh session to cache[0m
[0m2021-02-15 11:48:28 V/Net 1537133819: Send: ConfigPushSvc.PushResp[0m
[0m2021-02-15 11:52:55 V/Net 1537133819: Send: Heartbeat.Alive[0m
[0m2021-02-15 11:53:00 V/Net 1537133819: Send: Heartbeat.Alive[0m
[0m2021-02-15 11:53:10 V/Net 1537133819: Loading BdhSession from cache file[0m
[92m2021-02-15 11:53:10 I/Net 1537133819: Connected to server 111.30.169.91:443[0m
[0m2021-02-15 11:53:10 V/Net 1537133819: Send: wtlogin.login[0m
[0m2021-02-15 11:53:11 V/Net 1537133819: Recv: LoginPacketResponse.Success[0m
[92m2021-02-15 11:53:11 I/Net 1537133819: Login successful[0m
[0m2021-02-15 11:53:11 V/Net 1537133819: Send: StatSvc.register[0m
[0m2021-02-15 11:53:11 V/Net 1537133819: Recv: Response(StatSvc.register)[0m
[92m2021-02-15 11:53:11 I/Net 1537133819: Scheduled key refresh in 5h 55min 0.0s.[0m
[92m2021-02-15 11:53:11 I/Net 1537133819: Syncing friend message history...[0m
[0m2021-02-15 11:53:11 V/Net 1537133819: Send: MessageSvc.PbGetMsg[0m
[92m2021-02-15 11:53:11 I/Net 1537133819: Syncing friend message history: Success.[0m
[96m2021-02-15 11:53:14 D/Net 1537133819: Received unknown commandName: ConfigPushSvc.PushDomain[0m
[0m2021-02-15 11:53:14 V/Net 1537133819: Recv: ConfigPushSvc.PushReq.PushReqResponse.ConfigPush[0m
[0m2021-02-15 11:53:14 V/Net 1537133819: Saving bdh session to cache[0m
[0m2021-02-15 11:53:14 V/Net 1537133819: Send: ConfigPushSvc.PushResp[0m
[0m2021-02-15 11:57:41 V/Net 1537133819: Send: Heartbeat.Alive[0m
[0m2021-02-15 11:57:46 V/Net 1537133819: Send: Heartbeat.Alive[0m
[0m2021-02-15 11:57:56 V/Net 1537133819: Loading BdhSession from cache file[0m
[92m2021-02-15 11:57:56 I/Net 1537133819: Connected to server 36.155.229.191:80[0m
[0m2021-02-15 11:57:56 V/Net 1537133819: Send: wtlogin.login[0m
[0m2021-02-15 11:57:56 V/Net 1537133819: Recv: LoginPacketResponse.Success[0m
[92m2021-02-15 11:57:56 I/Net 1537133819: Login successful[0m
[0m2021-02-15 11:57:56 V/Net 1537133819: Send: StatSvc.register[0m
[0m2021-02-15 11:57:56 V/Net 1537133819: Recv: Response(StatSvc.register)[0m
[92m2021-02-15 11:57:56 I/Net 1537133819: Scheduled key refresh in 5h 55min 0.0s.[0m
[92m2021-02-15 11:57:56 I/Net 1537133819: Syncing friend message history...[0m
[0m2021-02-15 11:57:56 V/Net 1537133819: Send: MessageSvc.PbGetMsg[0m
[92m2021-02-15 11:57:56 I/Net 1537133819: Syncing friend message history: Success.[0m
[0m2021-02-15 11:57:59 V/Net 1537133819: Recv: ConfigPushSvc.PushReq.PushReqResponse.ServerListPush[0m
[92m2021-02-15 11:57:59 I/Net 1537133819: Server list updated.[0m
[0m2021-02-15 11:57:59 V/Net 1537133819: Saving bdh session to cache[0m
[0m2021-02-15 11:57:59 V/Net 1537133819: Saving server list to cache[0m
[0m2021-02-15 11:57:59 V/Net 1537133819: Send: ConfigPushSvc.PushResp[0m
[96m2021-02-15 11:57:59 D/Net 1537133819: Received unknown commandName: ConfigPushSvc.PushDomain[0m
[0m2021-02-15 11:57:59 V/Net 1537133819: Recv: ConfigPushSvc.PushReq.PushReqResponse.ConfigPush[0m
[0m2021-02-15 11:57:59 V/Net 1537133819: Saving bdh session to cache[0m
[0m2021-02-15 11:57:59 V/Net 1537133819: Send: ConfigPushSvc.PushResp[0m
[0m2021-02-15 12:01:24 V/Net 1537133819: Send: ImgStore.GroupPicUp[0m
[0m2021-02-15 12:01:24 V/Net 1537133819: Recv: RequireUpload(fileId=2510821259, uKey=[-72, 2, -34, 58, -78, 110, -128, 22, -121, 10, 53, -117, 121, -55, 84, 125, -44, 127, -105, 8, 125, 96, 68, -65, 16, 46, 24, -126, -103, -26, 120, 70, -93, -99, -120, -65, 29, -127, 11, 112, 14, 32, 7, -65, 27, 24, -118, -125, 29, -12, -101, 15, 31, 103, -35, -47, 105, -66, -114, -102, 115, -76, -73, 14, -74, -108, 89, 109, 11, -94, 127, 124, 122, 48, 111, 28, 79, -4, -56, -115, 121, 33, 43, 112, -59, 49, 91, -109, -53, 19, 118, 87, -122, -40, -89, 65, -105, -68, -23, 1, -102, -17, -80, -34, -113, -83, -106, -51, -69, 11, -2, -120, 42, -16, 108, 9, -88, 67, -54, 50, 60, 65, 42, 82, 97, 25, 8, -105])[0m
[0m2021-02-15 12:01:24 V/Net 1537133819: [Highway] Uploading group image to 111.30.159.160:443, size=326.4 KiB[0m
[0m2021-02-15 12:01:25 V/Net 1537133819: [Highway] Uploading group image: succeed at 557 KiB/s[0m
[0m2021-02-15 12:01:25 V/Net 1537133819: Send: ImgStore.GroupPicUp[0m
[0m2021-02-15 12:01:25 V/Net 1537133819: Recv: RequireUpload(fileId=2508328793, uKey=[65, 24, -95, 51, 48, -77, -63, -43, 65, 123, 43, -99, 50, -103, -92, -89, -27, -92, 37, 65, -81, -15, -105, 127, -104, 13, -100, -82, 94, 79, -126, 91, -72, 95, -74, 57, -79, 1, -88, -56, -12, 102, 81, -85, 84, -45, 80, -79, -124, -88, -52, 58, -42, 80, 37, 70, -116, 110, 76, 9, 97, -109, 102, -17, 14, 74, 41, -22, -24, -68, 7, -116, 86, 92, -115, -87, -52, 112, -34, -128, 104, -11, -4, -56, -53, 34, 60, -56, -76, -105, 106, -82, 115, 86, -12, 107, -68, 39, -20, -48, -117, -116, 16, -103, -114, 8, 70, 26, 63, 73, -37, 92, 31, -83, 78, -99, 79, -22, -62, -98, -127, -30, 52, -66, -42, 21, 7, -103])[0m
[0m2021-02-15 12:01:25 V/Net 1537133819: Send: MessageSvc.PbSendMsg[0m
[0m2021-02-15 12:01:25 V/Net 1537133819: Recv: MessageSvcPbSendMsg.Response.SUCCESS[0m
[0m2021-02-15 12:01:26 V/Net 1537133819: Send: MessageSvc.PbSendMsg[0m
[0m2021-02-15 12:01:26 V/Net 1537133819: Recv: MessageSvcPbSendMsg.Response.SUCCESS[0m
[0m2021-02-15 12:02:26 V/Net 1537133819: Send: Heartbeat.Alive[0m
[0m2021-02-15 12:02:26 V/Net 1537133819: Recv: Heartbeat.Alive.Response[0m
[0m2021-02-15 12:06:56 V/Net 1537133819: Send: Heartbeat.Alive[0m
[0m2021-02-15 12:07:01 V/Net 1537133819: Send: Heartbeat.Alive[0m
[0m2021-02-15 12:07:11 V/Net 1537133819: Channel closed.[0m
[0m2021-02-15 12:07:11 V/Net 1537133819: Loading BdhSession from cache file[0m
[92m2021-02-15 12:07:11 I/Net 1537133819: Connected to server 111.30.169.27:8080[0m
[0m2021-02-15 12:07:11 V/Net 1537133819: Send: wtlogin.login[0m
[0m2021-02-15 12:07:12 V/Net 1537133819: Recv: LoginPacketResponse.Success[0m
[92m2021-02-15 12:07:12 I/Net 1537133819: Login successful[0m
[0m2021-02-15 12:07:12 V/Net 1537133819: Send: StatSvc.register[0m
[0m2021-02-15 12:07:12 V/Net 1537133819: Recv: Response(StatSvc.register)[0m
[92m2021-02-15 12:07:12 I/Net 1537133819: Scheduled key refresh in 5h 55min 0.0s.[0m
[92m2021-02-15 12:07:12 I/Net 1537133819: Syncing friend message history...[0m
[0m2021-02-15 12:07:12 V/Net 1537133819: Send: MessageSvc.PbGetMsg[0m
[0m2021-02-15 12:07:12 V/Net 1537133819: Send: MessageSvc.PbDeleteMsg[0m
[92m2021-02-15 12:07:12 I/Net 1537133819: Syncing friend message history: Success.[0m
[96m2021-02-15 12:07:15 D/Net 1537133819: Received unknown commandName: ConfigPushSvc.PushDomain[0m
[0m2021-02-15 12:07:15 V/Net 1537133819: Recv: ConfigPushSvc.PushReq.PushReqResponse.ConfigPush[0m
[0m2021-02-15 12:07:15 V/Net 1537133819: Saving bdh session to cache[0m
[0m2021-02-15 12:07:15 V/Net 1537133819: Send: ConfigPushSvc.PushResp[0m
[0m2021-02-15 12:11:42 V/Net 1537133819: Send: Heartbeat.Alive[0m
[0m2021-02-15 12:11:42 V/Net 1537133819: Recv: Heartbeat.Alive.Response[0m
[0m2021-02-15 12:16:12 V/Net 1537133819: Send: Heartbeat.Alive[0m
[0m2021-02-15 12:16:17 V/Net 1537133819: Send: Heartbeat.Alive[0m
[0m2021-02-15 12:16:27 V/Net 1537133819: Channel closed.[0m
[0m2021-02-15 12:16:27 V/Net 1537133819: Loading BdhSession from cache file[0m
[92m2021-02-15 12:16:27 I/Net 1537133819: Connected to server 36.155.229.218:14000[0m
[0m2021-02-15 12:16:27 V/Net 1537133819: Send: wtlogin.login[0m
[0m2021-02-15 12:16:27 V/Net 1537133819: Recv: LoginPacketResponse.Success[0m
[92m2021-02-15 12:16:27 I/Net 1537133819: Login successful[0m
[0m2021-02-15 12:16:27 V/Net 1537133819: Send: StatSvc.register[0m
[0m2021-02-15 12:16:27 V/Net 1537133819: Recv: Response(StatSvc.register)[0m
[92m2021-02-15 12:16:27 I/Net 1537133819: Scheduled key refresh in 5h 55min 0.0s.[0m
[92m2021-02-15 12:16:27 I/Net 1537133819: Syncing friend message history...[0m
[0m2021-02-15 12:16:27 V/Net 1537133819: Send: MessageSvc.PbGetMsg[0m
[92m2021-02-15 12:16:28 I/Net 1537133819: Syncing friend message history: Success.[0m
[96m2021-02-15 12:16:30 D/Net 1537133819: Received unknown commandName: ConfigPushSvc.PushDomain[0m
[0m2021-02-15 12:16:30 V/Net 1537133819: Recv: ConfigPushSvc.PushReq.PushReqResponse.ConfigPush[0m
[0m2021-02-15 12:16:30 V/Net 1537133819: Saving bdh session to cache[0m
[0m2021-02-15 12:16:30 V/Net 1537133819: Send: ConfigPushSvc.PushResp[0m
[0m2021-02-15 12:20:58 V/Net 1537133819: Send: Heartbeat.Alive[0m
[0m2021-02-15 12:21:03 V/Net 1537133819: Send: Heartbeat.Alive[0m
[0m2021-02-15 12:21:13 V/Net 1537133819: Channel closed.[0m
[0m2021-02-15 12:21:13 V/Net 1537133819: Loading BdhSession from cache file[0m
[92m2021-02-15 12:21:13 I/Net 1537133819: Connected to server 36.155.240.38:14000[0m
[0m2021-02-15 12:21:13 V/Net 1537133819: Send: wtlogin.login[0m
[0m2021-02-15 12:21:13 V/Net 1537133819: Recv: LoginPacketResponse.Success[0m
[92m2021-02-15 12:21:13 I/Net 1537133819: Login successful[0m
[0m2021-02-15 12:21:13 V/Net 1537133819: Send: StatSvc.register[0m
[0m2021-02-15 12:21:13 V/Net 1537133819: Recv: Response(StatSvc.register)[0m
[92m2021-02-15 12:21:13 I/Net 1537133819: Scheduled key refresh in 5h 55min 0.0s.[0m
[92m2021-02-15 12:21:13 I/Net 1537133819: Syncing friend message history...[0m
[0m2021-02-15 12:21:13 V/Net 1537133819: Send: MessageSvc.PbGetMsg[0m
[92m2021-02-15 12:21:13 I/Net 1537133819: Syncing friend message history: Success.[0m
[96m2021-02-15 12:21:16 D/Net 1537133819: Received unknown commandName: ConfigPushSvc.PushDomain[0m
[0m2021-02-15 12:21:16 V/Net 1537133819: Recv: ConfigPushSvc.PushReq.PushReqResponse.ConfigPush[0m
[0m2021-02-15 12:21:16 V/Net 1537133819: Saving bdh session to cache[0m
[0m2021-02-15 12:21:16 V/Net 1537133819: Send: ConfigPushSvc.PushResp[0m
[0m2021-02-15 12:25:43 V/Net 1537133819: Send: Heartbeat.Alive[0m
[0m2021-02-15 12:25:48 V/Net 1537133819: Send: Heartbeat.Alive[0m
[0m2021-02-15 12:25:58 V/Net 1537133819: Loading BdhSession from cache file[0m
[92m2021-02-15 12:25:58 I/Net 1537133819: Connected to server 36.155.249.96:80[0m
[0m2021-02-15 12:25:58 V/Net 1537133819: Send: wtlogin.login[0m
[0m2021-02-15 12:25:58 V/Net 1537133819: Recv: LoginPacketResponse.Success[0m
[92m2021-02-15 12:25:58 I/Net 1537133819: Login successful[0m
[0m2021-02-15 12:25:58 V/Net 1537133819: Send: StatSvc.register[0m
[0m2021-02-15 12:25:58 V/Net 1537133819: Recv: Response(StatSvc.register)[0m
[92m2021-02-15 12:25:58 I/Net 1537133819: Scheduled key refresh in 5h 55min 0.0s.[0m
[92m2021-02-15 12:25:58 I/Net 1537133819: Syncing friend message history...[0m
[0m2021-02-15 12:25:58 V/Net 1537133819: Send: MessageSvc.PbGetMsg[0m
[92m2021-02-15 12:25:58 I/Net 1537133819: Syncing friend message history: Success.[0m
[96m2021-02-15 12:26:01 D/Net 1537133819: Received unknown commandName: ConfigPushSvc.PushDomain[0m
[0m2021-02-15 12:26:01 V/Net 1537133819: Recv: ConfigPushSvc.PushReq.PushReqResponse.ConfigPush[0m
[0m2021-02-15 12:26:01 V/Net 1537133819: Saving bdh session to cache[0m
[0m2021-02-15 12:26:01 V/Net 1537133819: Send: ConfigPushSvc.PushResp[0m
[0m2021-02-15 12:30:28 V/Net 1537133819: Send: Heartbeat.Alive[0m
[0m2021-02-15 12:30:33 V/Net 1537133819: Send: Heartbeat.Alive[0m
[0m2021-02-15 12:30:43 V/Net 1537133819: Channel closed.[0m
[0m2021-02-15 12:30:43 V/Net 1537133819: Loading BdhSession from cache file[0m
[92m2021-02-15 12:30:43 I/Net 1537133819: Connected to server 111.30.181.58:14000[0m
[0m2021-02-15 12:30:43 V/Net 1537133819: Send: wtlogin.login[0m
[0m2021-02-15 12:30:44 V/Net 1537133819: Recv: LoginPacketResponse.Success[0m
[92m2021-02-15 12:30:44 I/Net 1537133819: Login successful[0m
[0m2021-02-15 12:30:44 V/Net 1537133819: Send: StatSvc.register[0m
[0m2021-02-15 12:30:44 V/Net 1537133819: Recv: Response(StatSvc.register)[0m
[92m2021-02-15 12:30:44 I/Net 1537133819: Scheduled key refresh in 5h 55min 0.0s.[0m
[92m2021-02-15 12:30:44 I/Net 1537133819: Syncing friend message history...[0m
[0m2021-02-15 12:30:44 V/Net 1537133819: Send: MessageSvc.PbGetMsg[0m
[92m2021-02-15 12:30:44 I/Net 1537133819: Syncing friend message history: Success.[0m
[0m2021-02-15 12:30:47 V/Net 1537133819: Recv: ConfigPushSvc.PushReq.PushReqResponse.ServerListPush[0m
[92m2021-02-15 12:30:47 I/Net 1537133819: Server list updated.[0m
[0m2021-02-15 12:30:47 V/Net 1537133819: Saving bdh session to cache[0m
[0m2021-02-15 12:30:47 V/Net 1537133819: Saving server list to cache[0m
[0m2021-02-15 12:30:47 V/Net 1537133819: Send: ConfigPushSvc.PushResp[0m
[96m2021-02-15 12:30:47 D/Net 1537133819: Received unknown commandName: ConfigPushSvc.PushDomain[0m
[0m2021-02-15 12:30:47 V/Net 1537133819: Recv: ConfigPushSvc.PushReq.PushReqResponse.ConfigPush[0m
[0m2021-02-15 12:30:47 V/Net 1537133819: Saving bdh session to cache[0m
[0m2021-02-15 12:30:47 V/Net 1537133819: Send: ConfigPushSvc.PushResp[0m
[0m2021-02-15 12:35:14 V/Net 1537133819: Send: Heartbeat.Alive[0m
[0m2021-02-15 12:35:14 V/Net 1537133819: Recv: Heartbeat.Alive.Response[0m
[0m2021-02-15 12:39:44 V/Net 1537133819: Send: Heartbeat.Alive[0m
[0m2021-02-15 12:39:49 V/Net 1537133819: Send: Heartbeat.Alive[0m
[0m2021-02-15 12:39:59 V/Net 1537133819: Channel closed.[0m
[0m2021-02-15 12:39:59 V/Net 1537133819: Loading BdhSession from cache file[0m
[92m2021-02-15 12:39:59 I/Net 1537133819: Connected to server msfwifi.3g.qq.com:8080[0m
[0m2021-02-15 12:39:59 V/Net 1537133819: Send: wtlogin.login[0m
[0m2021-02-15 12:39:59 V/Net 1537133819: Recv: LoginPacketResponse.Success[0m
[92m2021-02-15 12:39:59 I/Net 1537133819: Login successful[0m
[0m2021-02-15 12:39:59 V/Net 1537133819: Send: StatSvc.register[0m
[0m2021-02-15 12:39:59 V/Net 1537133819: Recv: Response(StatSvc.register)[0m
[92m2021-02-15 12:39:59 I/Net 1537133819: Scheduled key refresh in 5h 55min 0.0s.[0m
[92m2021-02-15 12:39:59 I/Net 1537133819: Syncing friend message history...[0m
[0m2021-02-15 12:39:59 V/Net 1537133819: Send: MessageSvc.PbGetMsg[0m
[92m2021-02-15 12:39:59 I/Net 1537133819: Syncing friend message history: Success.[0m
[0m2021-02-15 12:40:02 V/Net 1537133819: Recv: ConfigPushSvc.PushReq.PushReqResponse.ServerListPush[0m
[92m2021-02-15 12:40:02 I/Net 1537133819: Server list updated.[0m
[0m2021-02-15 12:40:02 V/Net 1537133819: Saving bdh session to cache[0m
[0m2021-02-15 12:40:02 V/Net 1537133819: Saving server list to cache[0m
[0m2021-02-15 12:40:02 V/Net 1537133819: Send: ConfigPushSvc.PushResp[0m
[96m2021-02-15 12:40:02 D/Net 1537133819: Received unknown commandName: ConfigPushSvc.PushDomain[0m
[0m2021-02-15 12:40:02 V/Net 1537133819: Recv: ConfigPushSvc.PushReq.PushReqResponse.ConfigPush[0m
[0m2021-02-15 12:40:02 V/Net 1537133819: Saving bdh session to cache[0m
[0m2021-02-15 12:40:02 V/Net 1537133819: Send: ConfigPushSvc.PushResp[0m
[0m2021-02-15 12:44:29 V/Net 1537133819: Send: Heartbeat.Alive[0m
[0m2021-02-15 12:44:34 V/Net 1537133819: Send: Heartbeat.Alive[0m
[0m2021-02-15 12:44:44 V/Net 1537133819: Loading BdhSession from cache file[0m
[92m2021-02-15 12:44:44 I/Net 1537133819: Connected to server msfwifi.3g.qq.com:8080[0m
[0m2021-02-15 12:44:44 V/Net 1537133819: Send: wtlogin.login[0m
[0m2021-02-15 12:44:45 V/Net 1537133819: Recv: LoginPacketResponse.Success[0m
[92m2021-02-15 12:44:45 I/Net 1537133819: Login successful[0m
[0m2021-02-15 12:44:45 V/Net 1537133819: Send: StatSvc.register[0m
[0m2021-02-15 12:44:45 V/Net 1537133819: Recv: Response(StatSvc.register)[0m
[92m2021-02-15 12:44:45 I/Net 1537133819: Scheduled key refresh in 5h 55min 0.0s.[0m
[92m2021-02-15 12:44:45 I/Net 1537133819: Syncing friend message history...[0m
[0m2021-02-15 12:44:45 V/Net 1537133819: Send: MessageSvc.PbGetMsg[0m
[92m2021-02-15 12:44:45 I/Net 1537133819: Syncing friend message history: Success.[0m
[96m2021-02-15 12:44:48 D/Net 1537133819: Received unknown commandName: ConfigPushSvc.PushDomain[0m
[0m2021-02-15 12:44:48 V/Net 1537133819: Recv: ConfigPushSvc.PushReq.PushReqResponse.ConfigPush[0m
[0m2021-02-15 12:44:48 V/Net 1537133819: Saving bdh session to cache[0m
[0m2021-02-15 12:44:48 V/Net 1537133819: Send: ConfigPushSvc.PushResp[0m
[0m2021-02-15 12:49:15 V/Net 1537133819: Send: Heartbeat.Alive[0m
[0m2021-02-15 12:49:20 V/Net 1537133819: Send: Heartbeat.Alive[0m
[0m2021-02-15 12:49:30 V/Net 1537133819: Channel closed.[0m
[0m2021-02-15 12:49:30 V/Net 1537133819: Loading BdhSession from cache file[0m
[92m2021-02-15 12:49:30 I/Net 1537133819: Connected to server 120.232.22.118:80[0m
[0m2021-02-15 12:49:30 V/Net 1537133819: Send: wtlogin.login[0m
[0m2021-02-15 12:49:30 V/Net 1537133819: Recv: LoginPacketResponse.Success[0m
[92m2021-02-15 12:49:30 I/Net 1537133819: Login successful[0m
[0m2021-02-15 12:49:30 V/Net 1537133819: Send: StatSvc.register[0m
[0m2021-02-15 12:49:31 V/Net 1537133819: Recv: Response(StatSvc.register)[0m
[92m2021-02-15 12:49:31 I/Net 1537133819: Scheduled key refresh in 5h 55min 0.0s.[0m
[92m2021-02-15 12:49:31 I/Net 1537133819: Syncing friend message history...[0m
[0m2021-02-15 12:49:31 V/Net 1537133819: Send: MessageSvc.PbGetMsg[0m
[92m2021-02-15 12:49:31 I/Net 1537133819: Syncing friend message history: Success.[0m
[96m2021-02-15 12:49:34 D/Net 1537133819: Received unknown commandName: ConfigPushSvc.PushDomain[0m
[0m2021-02-15 12:49:34 V/Net 1537133819: Recv: ConfigPushSvc.PushReq.PushReqResponse.ConfigPush[0m
[0m2021-02-15 12:49:34 V/Net 1537133819: Saving bdh session to cache[0m
[0m2021-02-15 12:49:34 V/Net 1537133819: Send: ConfigPushSvc.PushResp[0m
[0m2021-02-15 12:54:01 V/Net 1537133819: Send: Heartbeat.Alive[0m
[0m2021-02-15 12:54:06 V/Net 1537133819: Send: Heartbeat.Alive[0m
[0m2021-02-15 12:54:16 V/Net 1537133819: Channel closed.[0m
[0m2021-02-15 12:54:16 V/Net 1537133819: Loading BdhSession from cache file[0m
[92m2021-02-15 12:54:16 I/Net 1537133819: Connected to server 120.232.22.74:80[0m
[0m2021-02-15 12:54:16 V/Net 1537133819: Send: wtlogin.login[0m
[0m2021-02-15 12:54:16 V/Net 1537133819: Recv: LoginPacketResponse.Success[0m
[92m2021-02-15 12:54:16 I/Net 1537133819: Login successful[0m
[0m2021-02-15 12:54:16 V/Net 1537133819: Send: StatSvc.register[0m
[0m2021-02-15 12:54:16 V/Net 1537133819: Recv: Response(StatSvc.register)[0m
[92m2021-02-15 12:54:16 I/Net 1537133819: Scheduled key refresh in 5h 55min 0.0s.[0m
[92m2021-02-15 12:54:16 I/Net 1537133819: Syncing friend message history...[0m
[0m2021-02-15 12:54:16 V/Net 1537133819: Send: MessageSvc.PbGetMsg[0m
[92m2021-02-15 12:54:16 I/Net 1537133819: Syncing friend message history: Success.[0m
[96m2021-02-15 12:54:19 D/Net 1537133819: Received unknown commandName: ConfigPushSvc.PushDomain[0m
[0m2021-02-15 12:54:19 V/Net 1537133819: Recv: ConfigPushSvc.PushReq.PushReqResponse.ConfigPush[0m
[0m2021-02-15 12:54:19 V/Net 1537133819: Saving bdh session to cache[0m
[0m2021-02-15 12:54:19 V/Net 1537133819: Send: ConfigPushSvc.PushResp[0m
[0m2021-02-15 12:58:46 V/Net 1537133819: Send: Heartbeat.Alive[0m
[0m2021-02-15 12:58:51 V/Net 1537133819: Send: Heartbeat.Alive[0m
[0m2021-02-15 12:59:01 V/Net 1537133819: Channel closed.[0m
[0m2021-02-15 12:59:01 V/Net 1537133819: Loading BdhSession from cache file[0m
[92m2021-02-15 12:59:01 I/Net 1537133819: Connected to server 36.155.229.208:80[0m
[0m2021-02-15 12:59:01 V/Net 1537133819: Send: wtlogin.login[0m
[0m2021-02-15 12:59:02 V/Net 1537133819: Recv: LoginPacketResponse.Success[0m
[92m2021-02-15 12:59:02 I/Net 1537133819: Login successful[0m
[0m2021-02-15 12:59:02 V/Net 1537133819: Send: StatSvc.register[0m
[0m2021-02-15 12:59:02 V/Net 1537133819: Recv: Response(StatSvc.register)[0m
[92m2021-02-15 12:59:02 I/Net 1537133819: Scheduled key refresh in 5h 55min 0.0s.[0m
[92m2021-02-15 12:59:02 I/Net 1537133819: Syncing friend message history...[0m
[0m2021-02-15 12:59:02 V/Net 1537133819: Send: MessageSvc.PbGetMsg[0m
[92m2021-02-15 12:59:02 I/Net 1537133819: Syncing friend message history: Success.[0m
[0m2021-02-15 12:59:05 V/Net 1537133819: Recv: ConfigPushSvc.PushReq.PushReqResponse.ServerListPush[0m
[92m2021-02-15 12:59:05 I/Net 1537133819: Server list updated.[0m
[0m2021-02-15 12:59:05 V/Net 1537133819: Saving bdh session to cache[0m
[0m2021-02-15 12:59:05 V/Net 1537133819: Saving server list to cache[0m
[0m2021-02-15 12:59:05 V/Net 1537133819: Send: ConfigPushSvc.PushResp[0m
[96m2021-02-15 12:59:05 D/Net 1537133819: Received unknown commandName: ConfigPushSvc.PushDomain[0m
[0m2021-02-15 12:59:05 V/Net 1537133819: Recv: ConfigPushSvc.PushReq.PushReqResponse.ConfigPush[0m
[0m2021-02-15 12:59:05 V/Net 1537133819: Saving bdh session to cache[0m
[0m2021-02-15 12:59:05 V/Net 1537133819: Send: ConfigPushSvc.PushResp[0m
[0m2021-02-15 13:03:32 V/Net 1537133819: Send: Heartbeat.Alive[0m
[0m2021-02-15 13:03:37 V/Net 1537133819: Send: Heartbeat.Alive[0m
[0m2021-02-15 13:03:47 V/Net 1537133819: Channel closed.[0m
[0m2021-02-15 13:03:47 V/Net 1537133819: Loading BdhSession from cache file[0m
[92m2021-02-15 13:03:47 I/Net 1537133819: Connected to server 111.30.179.153:14000[0m
[0m2021-02-15 13:03:47 V/Net 1537133819: Send: wtlogin.login[0m
[0m2021-02-15 13:03:47 V/Net 1537133819: Recv: LoginPacketResponse.Success[0m
[92m2021-02-15 13:03:47 I/Net 1537133819: Login successful[0m
[0m2021-02-15 13:03:47 V/Net 1537133819: Send: StatSvc.register[0m
[0m2021-02-15 13:03:47 V/Net 1537133819: Recv: Response(StatSvc.register)[0m
[92m2021-02-15 13:03:47 I/Net 1537133819: Scheduled key refresh in 5h 55min 0.0s.[0m
[92m2021-02-15 13:03:47 I/Net 1537133819: Syncing friend message history...[0m
[0m2021-02-15 13:03:47 V/Net 1537133819: Send: MessageSvc.PbGetMsg[0m
[92m2021-02-15 13:03:47 I/Net 1537133819: Syncing friend message history: Success.[0m
[0m2021-02-15 13:03:50 V/Net 1537133819: Recv: ConfigPushSvc.PushReq.PushReqResponse.ServerListPush[0m
[92m2021-02-15 13:03:50 I/Net 1537133819: Server list updated.[0m
[0m2021-02-15 13:03:50 V/Net 1537133819: Saving bdh session to cache[0m
[0m2021-02-15 13:03:50 V/Net 1537133819: Saving server list to cache[0m
[0m2021-02-15 13:03:50 V/Net 1537133819: Send: ConfigPushSvc.PushResp[0m
[0m2021-02-15 13:03:50 V/Net 1537133819: Recv: ConfigPushSvc.PushReq.PushReqResponse.ConfigPush[0m
[0m2021-02-15 13:03:50 V/Net 1537133819: Saving bdh session to cache[0m
[0m2021-02-15 13:03:50 V/Net 1537133819: Send: ConfigPushSvc.PushResp[0m
[0m2021-02-15 13:08:17 V/Net 1537133819: Send: Heartbeat.Alive[0m
[0m2021-02-15 13:08:22 V/Net 1537133819: Send: Heartbeat.Alive[0m
[0m2021-02-15 13:08:32 V/Net 1537133819: Channel closed.[0m
[0m2021-02-15 13:08:32 V/Net 1537133819: Loading BdhSession from cache file[0m
[92m2021-02-15 13:08:32 I/Net 1537133819: Connected to server msfwifi.3g.qq.com:8080[0m
[0m2021-02-15 13:08:32 V/Net 1537133819: Send: wtlogin.login[0m
[0m2021-02-15 13:08:32 V/Net 1537133819: Recv: LoginPacketResponse.Success[0m
[92m2021-02-15 13:08:32 I/Net 1537133819: Login successful[0m
[0m2021-02-15 13:08:32 V/Net 1537133819: Send: StatSvc.register[0m
[0m2021-02-15 13:08:33 V/Net 1537133819: Recv: Response(StatSvc.register)[0m
[92m2021-02-15 13:08:33 I/Net 1537133819: Scheduled key refresh in 5h 55min 0.0s.[0m
[92m2021-02-15 13:08:33 I/Net 1537133819: Syncing friend message history...[0m
[0m2021-02-15 13:08:33 V/Net 1537133819: Send: MessageSvc.PbGetMsg[0m
[92m2021-02-15 13:08:33 I/Net 1537133819: Syncing friend message history: Success.[0m
[0m2021-02-15 13:08:36 V/Net 1537133819: Recv: ConfigPushSvc.PushReq.PushReqResponse.ConfigPush[0m
[0m2021-02-15 13:08:36 V/Net 1537133819: Saving bdh session to cache[0m
[0m2021-02-15 13:08:36 V/Net 1537133819: Send: ConfigPushSvc.PushResp[0m
[96m2021-02-15 13:08:36 D/Net 1537133819: Received unknown commandName: ConfigPushSvc.PushDomain[0m
[0m2021-02-15 13:13:03 V/Net 1537133819: Send: Heartbeat.Alive[0m
[0m2021-02-15 13:13:08 V/Net 1537133819: Send: Heartbeat.Alive[0m
[0m2021-02-15 13:13:18 V/Net 1537133819: Channel closed.[0m
[0m2021-02-15 13:13:18 V/Net 1537133819: Loading BdhSession from cache file[0m
[92m2021-02-15 13:13:18 I/Net 1537133819: Connected to server 111.30.178.182:8080[0m
[0m2021-02-15 13:13:18 V/Net 1537133819: Send: wtlogin.login[0m
[0m2021-02-15 13:13:18 V/Net 1537133819: Recv: LoginPacketResponse.Success[0m
[92m2021-02-15 13:13:18 I/Net 1537133819: Login successful[0m
[0m2021-02-15 13:13:18 V/Net 1537133819: Send: StatSvc.register[0m
[0m2021-02-15 13:13:18 V/Net 1537133819: Recv: Response(StatSvc.register)[0m
[92m2021-02-15 13:13:18 I/Net 1537133819: Scheduled key refresh in 5h 55min 0.0s.[0m
[92m2021-02-15 13:13:18 I/Net 1537133819: Syncing friend message history...[0m
[0m2021-02-15 13:13:18 V/Net 1537133819: Send: MessageSvc.PbGetMsg[0m
[92m2021-02-15 13:13:18 I/Net 1537133819: Syncing friend message history: Success.[0m
[96m2021-02-15 13:13:21 D/Net 1537133819: Received unknown commandName: ConfigPushSvc.PushDomain[0m
[0m2021-02-15 13:13:21 V/Net 1537133819: Recv: ConfigPushSvc.PushReq.PushReqResponse.ConfigPush[0m
[0m2021-02-15 13:13:21 V/Net 1537133819: Saving bdh session to cache[0m
[0m2021-02-15 13:13:21 V/Net 1537133819: Send: ConfigPushSvc.PushResp[0m
[0m2021-02-15 13:17:48 V/Net 1537133819: Send: Heartbeat.Alive[0m
[0m2021-02-15 13:17:53 V/Net 1537133819: Send: Heartbeat.Alive[0m
[0m2021-02-15 13:18:03 V/Net 1537133819: Loading BdhSession from cache file[0m
[92m2021-02-15 13:18:03 I/Net 1537133819: Connected to server 111.30.179.171:443[0m
[0m2021-02-15 13:18:03 V/Net 1537133819: Send: wtlogin.login[0m
[0m2021-02-15 13:18:03 V/Net 1537133819: Recv: LoginPacketResponse.Success[0m
[92m2021-02-15 13:18:03 I/Net 1537133819: Login successful[0m
[0m2021-02-15 13:18:03 V/Net 1537133819: Send: StatSvc.register[0m
[0m2021-02-15 13:18:04 V/Net 1537133819: Recv: Response(StatSvc.register)[0m
[92m2021-02-15 13:18:04 I/Net 1537133819: Scheduled key refresh in 5h 55min 0.0s.[0m
[92m2021-02-15 13:18:04 I/Net 1537133819: Syncing friend message history...[0m
[0m2021-02-15 13:18:04 V/Net 1537133819: Send: MessageSvc.PbGetMsg[0m
[92m2021-02-15 13:18:04 I/Net 1537133819: Syncing friend message history: Success.[0m
[0m2021-02-15 13:18:07 V/Net 1537133819: Recv: ConfigPushSvc.PushReq.PushReqResponse.ConfigPush[0m
[0m2021-02-15 13:18:07 V/Net 1537133819: Saving bdh session to cache[0m
[0m2021-02-15 13:18:07 V/Net 1537133819: Send: ConfigPushSvc.PushResp[0m
[0m2021-02-15 13:22:34 V/Net 1537133819: Send: Heartbeat.Alive[0m
[0m2021-02-15 13:22:39 V/Net 1537133819: Send: Heartbeat.Alive[0m
[0m2021-02-15 13:22:49 V/Net 1537133819: Loading BdhSession from cache file[0m
[92m2021-02-15 13:22:49 I/Net 1537133819: Connected to server 120.232.18.61:80[0m
[0m2021-02-15 13:22:49 V/Net 1537133819: Send: wtlogin.login[0m
[0m2021-02-15 13:22:49 V/Net 1537133819: Recv: LoginPacketResponse.Success[0m
[92m2021-02-15 13:22:49 I/Net 1537133819: Login successful[0m
[0m2021-02-15 13:22:49 V/Net 1537133819: Send: StatSvc.register[0m
[0m2021-02-15 13:22:49 V/Net 1537133819: Recv: Response(StatSvc.register)[0m
[92m2021-02-15 13:22:49 I/Net 1537133819: Scheduled key refresh in 5h 55min 0.0s.[0m
[92m2021-02-15 13:22:49 I/Net 1537133819: Syncing friend message history...[0m
[0m2021-02-15 13:22:49 V/Net 1537133819: Send: MessageSvc.PbGetMsg[0m
[92m2021-02-15 13:22:49 I/Net 1537133819: Syncing friend message history: Success.[0m
[96m2021-02-15 13:22:52 D/Net 1537133819: Received unknown commandName: ConfigPushSvc.PushDomain[0m
[0m2021-02-15 13:22:52 V/Net 1537133819: Recv: ConfigPushSvc.PushReq.PushReqResponse.ConfigPush[0m
[0m2021-02-15 13:22:52 V/Net 1537133819: Saving bdh session to cache[0m
[0m2021-02-15 13:22:52 V/Net 1537133819: Send: ConfigPushSvc.PushResp[0m
[0m2021-02-15 13:27:19 V/Net 1537133819: Send: Heartbeat.Alive[0m
[0m2021-02-15 13:27:24 V/Net 1537133819: Send: Heartbeat.Alive[0m
[0m2021-02-15 13:27:34 V/Net 1537133819: Channel closed.[0m
[0m2021-02-15 13:27:34 V/Net 1537133819: Loading BdhSession from cache file[0m
[92m2021-02-15 13:27:34 I/Net 1537133819: Connected to server 120.241.139.76:80[0m
[0m2021-02-15 13:27:34 V/Net 1537133819: Send: wtlogin.login[0m
[0m2021-02-15 13:27:34 V/Net 1537133819: Recv: LoginPacketResponse.Success[0m
[92m2021-02-15 13:27:34 I/Net 1537133819: Login successful[0m
[0m2021-02-15 13:27:34 V/Net 1537133819: Send: StatSvc.register[0m
[0m2021-02-15 13:27:34 V/Net 1537133819: Recv: Response(StatSvc.register)[0m
[92m2021-02-15 13:27:34 I/Net 1537133819: Scheduled key refresh in 5h 55min 0.0s.[0m
[92m2021-02-15 13:27:34 I/Net 1537133819: Syncing friend message history...[0m
[0m2021-02-15 13:27:34 V/Net 1537133819: Send: MessageSvc.PbGetMsg[0m
[92m2021-02-15 13:27:35 I/Net 1537133819: Syncing friend message history: Success.[0m
[96m2021-02-15 13:27:38 D/Net 1537133819: Received unknown commandName: ConfigPushSvc.PushDomain[0m
[0m2021-02-15 13:27:38 V/Net 1537133819: Recv: ConfigPushSvc.PushReq.PushReqResponse.ConfigPush[0m
[0m2021-02-15 13:27:38 V/Net 1537133819: Saving bdh session to cache[0m
[0m2021-02-15 13:27:38 V/Net 1537133819: Send: ConfigPushSvc.PushResp[0m
[0m2021-02-15 13:32:04 V/Net 1537133819: Send: Heartbeat.Alive[0m
[0m2021-02-15 13:32:09 V/Net 1537133819: Send: Heartbeat.Alive[0m
[0m2021-02-15 13:32:19 V/Net 1537133819: Loading BdhSession from cache file[0m
[92m2021-02-15 13:32:20 I/Net 1537133819: Connected to server 36.155.228.147:80[0m
[0m2021-02-15 13:32:20 V/Net 1537133819: Send: wtlogin.login[0m
[0m2021-02-15 13:32:20 V/Net 1537133819: Recv: LoginPacketResponse.Success[0m
[92m2021-02-15 13:32:20 I/Net 1537133819: Login successful[0m
[0m2021-02-15 13:32:20 V/Net 1537133819: Send: StatSvc.register[0m
[0m2021-02-15 13:32:20 V/Net 1537133819: Recv: Response(StatSvc.register)[0m
[92m2021-02-15 13:32:20 I/Net 1537133819: Scheduled key refresh in 5h 55min 0.0s.[0m
[92m2021-02-15 13:32:20 I/Net 1537133819: Syncing friend message history...[0m
[0m2021-02-15 13:32:20 V/Net 1537133819: Send: MessageSvc.PbGetMsg[0m
[92m2021-02-15 13:32:20 I/Net 1537133819: Syncing friend message history: Success.[0m
[0m2021-02-15 13:32:23 V/Net 1537133819: Recv: ConfigPushSvc.PushReq.PushReqResponse.ServerListPush[0m
[92m2021-02-15 13:32:23 I/Net 1537133819: Server list updated.[0m
[0m2021-02-15 13:32:23 V/Net 1537133819: Saving bdh session to cache[0m
[0m2021-02-15 13:32:23 V/Net 1537133819: Saving server list to cache[0m
[0m2021-02-15 13:32:23 V/Net 1537133819: Send: ConfigPushSvc.PushResp[0m
[96m2021-02-15 13:32:23 D/Net 1537133819: Received unknown commandName: ConfigPushSvc.PushDomain[0m
[0m2021-02-15 13:32:23 V/Net 1537133819: Recv: ConfigPushSvc.PushReq.PushReqResponse.ConfigPush[0m
[0m2021-02-15 13:32:23 V/Net 1537133819: Saving bdh session to cache[0m
[0m2021-02-15 13:32:23 V/Net 1537133819: Send: ConfigPushSvc.PushResp[0m
[0m2021-02-15 13:36:50 V/Net 1537133819: Send: Heartbeat.Alive[0m
[0m2021-02-15 13:36:55 V/Net 1537133819: Send: Heartbeat.Alive[0m
[0m2021-02-15 13:37:05 V/Net 1537133819: Loading BdhSession from cache file[0m
[92m2021-02-15 13:37:05 I/Net 1537133819: Connected to server 36.155.249.126:14000[0m
[0m2021-02-15 13:37:05 V/Net 1537133819: Send: wtlogin.login[0m
[0m2021-02-15 13:37:05 V/Net 1537133819: Recv: LoginPacketResponse.Success[0m
[92m2021-02-15 13:37:05 I/Net 1537133819: Login successful[0m
[0m2021-02-15 13:37:05 V/Net 1537133819: Send: StatSvc.register[0m
[0m2021-02-15 13:37:05 V/Net 1537133819: Recv: Response(StatSvc.register)[0m
[92m2021-02-15 13:37:05 I/Net 1537133819: Scheduled key refresh in 5h 55min 0.0s.[0m
[92m2021-02-15 13:37:05 I/Net 1537133819: Syncing friend message history...[0m
[0m2021-02-15 13:37:05 V/Net 1537133819: Send: MessageSvc.PbGetMsg[0m
[92m2021-02-15 13:37:06 I/Net 1537133819: Syncing friend message history: Success.[0m
[96m2021-02-15 13:37:08 D/Net 1537133819: Received unknown commandName: ConfigPushSvc.PushDomain[0m
[0m2021-02-15 13:37:09 V/Net 1537133819: Recv: ConfigPushSvc.PushReq.PushReqResponse.ConfigPush[0m
[0m2021-02-15 13:37:09 V/Net 1537133819: Saving bdh session to cache[0m
[0m2021-02-15 13:37:09 V/Net 1537133819: Send: ConfigPushSvc.PushResp[0m
[0m2021-02-15 13:41:35 V/Net 1537133819: Send: Heartbeat.Alive[0m
[0m2021-02-15 13:41:40 V/Net 1537133819: Send: Heartbeat.Alive[0m
[0m2021-02-15 13:41:50 V/Net 1537133819: Channel closed.[0m
[0m2021-02-15 13:41:50 V/Net 1537133819: Loading BdhSession from cache file[0m
[92m2021-02-15 13:41:50 I/Net 1537133819: Connected to server 111.30.178.182:443[0m
[0m2021-02-15 13:41:51 V/Net 1537133819: Send: wtlogin.login[0m
[0m2021-02-15 13:41:51 V/Net 1537133819: Recv: LoginPacketResponse.Success[0m
[92m2021-02-15 13:41:51 I/Net 1537133819: Login successful[0m
[0m2021-02-15 13:41:51 V/Net 1537133819: Send: StatSvc.register[0m
[0m2021-02-15 13:41:51 V/Net 1537133819: Recv: Response(StatSvc.register)[0m
[92m2021-02-15 13:41:51 I/Net 1537133819: Syncing friend message history...[0m
[92m2021-02-15 13:41:51 I/Net 1537133819: Scheduled key refresh in 5h 55min 0.0s.[0m
[0m2021-02-15 13:41:51 V/Net 1537133819: Send: MessageSvc.PbGetMsg[0m
[92m2021-02-15 13:41:51 I/Net 1537133819: Syncing friend message history: Success.[0m
[0m2021-02-15 13:41:55 V/Net 1537133819: Recv: ConfigPushSvc.PushReq.PushReqResponse.ServerListPush[0m
[92m2021-02-15 13:41:55 I/Net 1537133819: Server list updated.[0m
[0m2021-02-15 13:41:55 V/Net 1537133819: Saving bdh session to cache[0m
[0m2021-02-15 13:41:55 V/Net 1537133819: Saving server list to cache[0m
[0m2021-02-15 13:41:55 V/Net 1537133819: Send: ConfigPushSvc.PushResp[0m
[96m2021-02-15 13:41:55 D/Net 1537133819: Received unknown commandName: ConfigPushSvc.PushDomain[0m
[0m2021-02-15 13:41:55 V/Net 1537133819: Recv: ConfigPushSvc.PushReq.PushReqResponse.ConfigPush[0m
[0m2021-02-15 13:41:55 V/Net 1537133819: Saving bdh session to cache[0m
[0m2021-02-15 13:41:55 V/Net 1537133819: Send: ConfigPushSvc.PushResp[0m
[0m2021-02-15 13:46:21 V/Net 1537133819: Send: Heartbeat.Alive[0m
[0m2021-02-15 13:46:26 V/Net 1537133819: Send: Heartbeat.Alive[0m
[0m2021-02-15 13:46:36 V/Net 1537133819: Loading BdhSession from cache file[0m
[92m2021-02-15 13:46:36 I/Net 1537133819: Connected to server 36.155.228.114:80[0m
[0m2021-02-15 13:46:36 V/Net 1537133819: Send: wtlogin.login[0m
[0m2021-02-15 13:46:36 V/Net 1537133819: Recv: LoginPacketResponse.Success[0m
[92m2021-02-15 13:46:36 I/Net 1537133819: Login successful[0m
[0m2021-02-15 13:46:36 V/Net 1537133819: Send: StatSvc.register[0m
[0m2021-02-15 13:46:36 V/Net 1537133819: Recv: Response(StatSvc.register)[0m
[92m2021-02-15 13:46:36 I/Net 1537133819: Scheduled key refresh in 5h 55min 0.0s.[0m
[92m2021-02-15 13:46:36 I/Net 1537133819: Syncing friend message history...[0m
[0m2021-02-15 13:46:36 V/Net 1537133819: Send: MessageSvc.PbGetMsg[0m
[92m2021-02-15 13:46:36 I/Net 1537133819: Syncing friend message history: Success.[0m
[96m2021-02-15 13:46:39 D/Net 1537133819: Received unknown commandName: ConfigPushSvc.PushDomain[0m
[0m2021-02-15 13:46:39 V/Net 1537133819: Recv: ConfigPushSvc.PushReq.PushReqResponse.ConfigPush[0m
[0m2021-02-15 13:46:39 V/Net 1537133819: Saving bdh session to cache[0m
[0m2021-02-15 13:46:39 V/Net 1537133819: Send: ConfigPushSvc.PushResp[0m
[0m2021-02-15 13:51:06 V/Net 1537133819: Send: Heartbeat.Alive[0m
[0m2021-02-15 13:51:11 V/Net 1537133819: Send: Heartbeat.Alive[0m
[0m2021-02-15 13:51:21 V/Net 1537133819: Channel closed.[0m
[0m2021-02-15 13:51:21 V/Net 1537133819: Loading BdhSession from cache file[0m
[92m2021-02-15 13:51:21 I/Net 1537133819: Connected to server 120.232.22.107:80[0m
[0m2021-02-15 13:51:21 V/Net 1537133819: Send: wtlogin.login[0m
[0m2021-02-15 13:51:22 V/Net 1537133819: Recv: LoginPacketResponse.Success[0m
[92m2021-02-15 13:51:22 I/Net 1537133819: Login successful[0m
[0m2021-02-15 13:51:22 V/Net 1537133819: Send: StatSvc.register[0m
[0m2021-02-15 13:51:22 V/Net 1537133819: Recv: Response(StatSvc.register)[0m
[92m2021-02-15 13:51:22 I/Net 1537133819: Scheduled key refresh in 5h 55min 0.0s.[0m
[92m2021-02-15 13:51:22 I/Net 1537133819: Syncing friend message history...[0m
[0m2021-02-15 13:51:22 V/Net 1537133819: Send: MessageSvc.PbGetMsg[0m
[92m2021-02-15 13:51:22 I/Net 1537133819: Syncing friend message history: Success.[0m
[0m2021-02-15 13:51:25 V/Net 1537133819: Recv: ConfigPushSvc.PushReq.PushReqResponse.ServerListPush[0m
[92m2021-02-15 13:51:25 I/Net 1537133819: Server list updated.[0m
[0m2021-02-15 13:51:25 V/Net 1537133819: Saving bdh session to cache[0m
[0m2021-02-15 13:51:25 V/Net 1537133819: Saving server list to cache[0m
[0m2021-02-15 13:51:25 V/Net 1537133819: Send: ConfigPushSvc.PushResp[0m
[96m2021-02-15 13:51:25 D/Net 1537133819: Received unknown commandName: ConfigPushSvc.PushDomain[0m
[0m2021-02-15 13:51:25 V/Net 1537133819: Recv: ConfigPushSvc.PushReq.PushReqResponse.ConfigPush[0m
[0m2021-02-15 13:51:25 V/Net 1537133819: Saving bdh session to cache[0m
[0m2021-02-15 13:51:25 V/Net 1537133819: Send: ConfigPushSvc.PushResp[0m
[0m2021-02-15 13:55:52 V/Net 1537133819: Send: Heartbeat.Alive[0m
[0m2021-02-15 13:55:57 V/Net 1537133819: Send: Heartbeat.Alive[0m
[0m2021-02-15 13:56:07 V/Net 1537133819: Loading BdhSession from cache file[0m
[92m2021-02-15 13:56:07 I/Net 1537133819: Connected to server 120.232.18.41:80[0m
[0m2021-02-15 13:56:07 V/Net 1537133819: Send: wtlogin.login[0m
[0m2021-02-15 13:56:07 V/Net 1537133819: Recv: LoginPacketResponse.Success[0m
[92m2021-02-15 13:56:07 I/Net 1537133819: Login successful[0m
[0m2021-02-15 13:56:07 V/Net 1537133819: Send: StatSvc.register[0m
[0m2021-02-15 13:56:07 V/Net 1537133819: Recv: Response(StatSvc.register)[0m
[92m2021-02-15 13:56:07 I/Net 1537133819: Syncing friend message history...[0m
[92m2021-02-15 13:56:07 I/Net 1537133819: Scheduled key refresh in 5h 55min 0.0s.[0m
[0m2021-02-15 13:56:07 V/Net 1537133819: Send: MessageSvc.PbGetMsg[0m
[92m2021-02-15 13:56:07 I/Net 1537133819: Syncing friend message history: Success.[0m
[96m2021-02-15 13:56:10 D/Net 1537133819: Received unknown commandName: ConfigPushSvc.PushDomain[0m
[0m2021-02-15 13:56:10 V/Net 1537133819: Recv: ConfigPushSvc.PushReq.PushReqResponse.ConfigPush[0m
[0m2021-02-15 13:56:10 V/Net 1537133819: Saving bdh session to cache[0m
[0m2021-02-15 13:56:10 V/Net 1537133819: Send: ConfigPushSvc.PushResp[0m
[0m2021-02-15 14:00:37 V/Net 1537133819: Send: Heartbeat.Alive[0m
[0m2021-02-15 14:00:42 V/Net 1537133819: Send: Heartbeat.Alive[0m
[0m2021-02-15 14:00:52 V/Net 1537133819: Channel closed.[0m
[0m2021-02-15 14:00:52 V/Net 1537133819: Loading BdhSession from cache file[0m
[92m2021-02-15 14:00:52 I/Net 1537133819: Connected to server 36.155.228.114:80[0m
[0m2021-02-15 14:00:52 V/Net 1537133819: Send: wtlogin.login[0m
[0m2021-02-15 14:00:53 V/Net 1537133819: Recv: LoginPacketResponse.Success[0m
[92m2021-02-15 14:00:53 I/Net 1537133819: Login successful[0m
[0m2021-02-15 14:00:53 V/Net 1537133819: Send: StatSvc.register[0m
[0m2021-02-15 14:00:53 V/Net 1537133819: Recv: Response(StatSvc.register)[0m
[92m2021-02-15 14:00:53 I/Net 1537133819: Scheduled key refresh in 5h 55min 0.0s.[0m
[92m2021-02-15 14:00:53 I/Net 1537133819: Syncing friend message history...[0m
[0m2021-02-15 14:00:53 V/Net 1537133819: Send: MessageSvc.PbGetMsg[0m
[92m2021-02-15 14:00:53 I/Net 1537133819: Syncing friend message history: Success.[0m
[96m2021-02-15 14:00:56 D/Net 1537133819: Received unknown commandName: ConfigPushSvc.PushDomain[0m
[0m2021-02-15 14:00:56 V/Net 1537133819: Recv: ConfigPushSvc.PushReq.PushReqResponse.ConfigPush[0m
[0m2021-02-15 14:00:56 V/Net 1537133819: Saving bdh session to cache[0m
[0m2021-02-15 14:00:56 V/Net 1537133819: Send: ConfigPushSvc.PushResp[0m
[0m2021-02-15 14:05:23 V/Net 1537133819: Send: Heartbeat.Alive[0m
[0m2021-02-15 14:05:28 V/Net 1537133819: Send: Heartbeat.Alive[0m
[0m2021-02-15 14:05:38 V/Net 1537133819: Loading BdhSession from cache file[0m
[92m2021-02-15 14:05:38 I/Net 1537133819: Connected to server 36.155.229.198:14000[0m
[0m2021-02-15 14:05:38 V/Net 1537133819: Send: wtlogin.login[0m
[0m2021-02-15 14:05:38 V/Net 1537133819: Recv: LoginPacketResponse.Success[0m
[92m2021-02-15 14:05:38 I/Net 1537133819: Login successful[0m
[0m2021-02-15 14:05:38 V/Net 1537133819: Send: StatSvc.register[0m
[0m2021-02-15 14:05:38 V/Net 1537133819: Recv: Response(StatSvc.register)[0m
[92m2021-02-15 14:05:38 I/Net 1537133819: Scheduled key refresh in 5h 55min 0.0s.[0m
[92m2021-02-15 14:05:38 I/Net 1537133819: Syncing friend message history...[0m
[0m2021-02-15 14:05:38 V/Net 1537133819: Send: MessageSvc.PbGetMsg[0m
[92m2021-02-15 14:05:38 I/Net 1537133819: Syncing friend message history: Success.[0m
[0m2021-02-15 14:05:41 V/Net 1537133819: Recv: ConfigPushSvc.PushReq.PushReqResponse.ConfigPush[0m
[0m2021-02-15 14:05:41 V/Net 1537133819: Saving bdh session to cache[0m
[0m2021-02-15 14:05:41 V/Net 1537133819: Send: ConfigPushSvc.PushResp[0m
[96m2021-02-15 14:05:41 D/Net 1537133819: Received unknown commandName: ConfigPushSvc.PushDomain[0m
[0m2021-02-15 14:10:08 V/Net 1537133819: Send: Heartbeat.Alive[0m
[0m2021-02-15 14:10:13 V/Net 1537133819: Send: Heartbeat.Alive[0m
[0m2021-02-15 14:10:23 V/Net 1537133819: Loading BdhSession from cache file[0m
[92m2021-02-15 14:10:23 I/Net 1537133819: Connected to server 111.30.178.182:8080[0m
[0m2021-02-15 14:10:23 V/Net 1537133819: Send: wtlogin.login[0m
[0m2021-02-15 14:10:24 V/Net 1537133819: Recv: LoginPacketResponse.Success[0m
[92m2021-02-15 14:10:24 I/Net 1537133819: Login successful[0m
[0m2021-02-15 14:10:24 V/Net 1537133819: Send: StatSvc.register[0m
[0m2021-02-15 14:10:24 V/Net 1537133819: Recv: Response(StatSvc.register)[0m
[92m2021-02-15 14:10:24 I/Net 1537133819: Scheduled key refresh in 5h 55min 0.0s.[0m
[92m2021-02-15 14:10:24 I/Net 1537133819: Syncing friend message history...[0m
[0m2021-02-15 14:10:24 V/Net 1537133819: Send: MessageSvc.PbGetMsg[0m
[92m2021-02-15 14:10:24 I/Net 1537133819: Syncing friend message history: Success.[0m
[0m2021-02-15 14:10:27 V/Net 1537133819: Recv: ConfigPushSvc.PushReq.PushReqResponse.ServerListPush[0m
[92m2021-02-15 14:10:27 I/Net 1537133819: Server list updated.[0m
[0m2021-02-15 14:10:27 V/Net 1537133819: Saving bdh session to cache[0m
[0m2021-02-15 14:10:27 V/Net 1537133819: Saving server list to cache[0m
[0m2021-02-15 14:10:27 V/Net 1537133819: Send: ConfigPushSvc.PushResp[0m
[96m2021-02-15 14:10:27 D/Net 1537133819: Received unknown commandName: ConfigPushSvc.PushDomain[0m
[0m2021-02-15 14:10:27 V/Net 1537133819: Recv: ConfigPushSvc.PushReq.PushReqResponse.ConfigPush[0m
[0m2021-02-15 14:10:27 V/Net 1537133819: Saving bdh session to cache[0m
[0m2021-02-15 14:10:27 V/Net 1537133819: Send: ConfigPushSvc.PushResp[0m
[0m2021-02-15 14:14:54 V/Net 1537133819: Send: Heartbeat.Alive[0m
[0m2021-02-15 14:14:59 V/Net 1537133819: Send: Heartbeat.Alive[0m
[0m2021-02-15 14:15:09 V/Net 1537133819: Loading BdhSession from cache file[0m
[92m2021-02-15 14:15:09 I/Net 1537133819: Connected to server 36.155.229.208:14000[0m
[0m2021-02-15 14:15:09 V/Net 1537133819: Send: wtlogin.login[0m
[0m2021-02-15 14:15:09 V/Net 1537133819: Recv: LoginPacketResponse.Success[0m
[92m2021-02-15 14:15:09 I/Net 1537133819: Login successful[0m
[0m2021-02-15 14:15:09 V/Net 1537133819: Send: StatSvc.register[0m
[0m2021-02-15 14:15:09 V/Net 1537133819: Recv: Response(StatSvc.register)[0m
[92m2021-02-15 14:15:09 I/Net 1537133819: Scheduled key refresh in 5h 55min 0.0s.[0m
[92m2021-02-15 14:15:09 I/Net 1537133819: Syncing friend message history...[0m
[0m2021-02-15 14:15:09 V/Net 1537133819: Send: MessageSvc.PbGetMsg[0m
[92m2021-02-15 14:15:09 I/Net 1537133819: Syncing friend message history: Success.[0m
[96m2021-02-15 14:15:12 D/Net 1537133819: Received unknown commandName: ConfigPushSvc.PushDomain[0m
[0m2021-02-15 14:15:12 V/Net 1537133819: Recv: ConfigPushSvc.PushReq.PushReqResponse.ConfigPush[0m
[0m2021-02-15 14:15:12 V/Net 1537133819: Saving bdh session to cache[0m
[0m2021-02-15 14:15:12 V/Net 1537133819: Send: ConfigPushSvc.PushResp[0m
[0m2021-02-15 14:19:39 V/Net 1537133819: Send: Heartbeat.Alive[0m
[0m2021-02-15 14:19:44 V/Net 1537133819: Send: Heartbeat.Alive[0m
[0m2021-02-15 14:19:54 V/Net 1537133819: Channel closed.[0m
[0m2021-02-15 14:19:54 V/Net 1537133819: Loading BdhSession from cache file[0m
[92m2021-02-15 14:19:54 I/Net 1537133819: Connected to server 120.232.22.74:80[0m
[0m2021-02-15 14:19:54 V/Net 1537133819: Send: wtlogin.login[0m
[0m2021-02-15 14:19:55 V/Net 1537133819: Recv: LoginPacketResponse.Success[0m
[92m2021-02-15 14:19:55 I/Net 1537133819: Login successful[0m
[0m2021-02-15 14:19:55 V/Net 1537133819: Send: StatSvc.register[0m
[0m2021-02-15 14:19:55 V/Net 1537133819: Recv: Response(StatSvc.register)[0m
[92m2021-02-15 14:19:55 I/Net 1537133819: Scheduled key refresh in 5h 55min 0.0s.[0m
[92m2021-02-15 14:19:55 I/Net 1537133819: Syncing friend message history...[0m
[0m2021-02-15 14:19:55 V/Net 1537133819: Send: MessageSvc.PbGetMsg[0m
[92m2021-02-15 14:19:55 I/Net 1537133819: Syncing friend message history: Success.[0m
[0m2021-02-15 14:19:58 V/Net 1537133819: Recv: ConfigPushSvc.PushReq.PushReqResponse.ServerListPush[0m
[92m2021-02-15 14:19:58 I/Net 1537133819: Server list updated.[0m
[0m2021-02-15 14:19:58 V/Net 1537133819: Saving bdh session to cache[0m
[0m2021-02-15 14:19:58 V/Net 1537133819: Saving server list to cache[0m
[0m2021-02-15 14:19:58 V/Net 1537133819: Send: ConfigPushSvc.PushResp[0m
[96m2021-02-15 14:19:58 D/Net 1537133819: Received unknown commandName: ConfigPushSvc.PushDomain[0m
[0m2021-02-15 14:19:58 V/Net 1537133819: Recv: ConfigPushSvc.PushReq.PushReqResponse.ConfigPush[0m
[0m2021-02-15 14:19:58 V/Net 1537133819: Saving bdh session to cache[0m
[0m2021-02-15 14:19:58 V/Net 1537133819: Send: ConfigPushSvc.PushResp[0m
[0m2021-02-15 14:24:25 V/Net 1537133819: Send: Heartbeat.Alive[0m
[0m2021-02-15 14:24:30 V/Net 1537133819: Send: Heartbeat.Alive[0m
[0m2021-02-15 14:24:40 V/Net 1537133819: Loading BdhSession from cache file[0m
[92m2021-02-15 14:24:40 I/Net 1537133819: Connected to server 36.155.229.147:14000[0m
[0m2021-02-15 14:24:40 V/Net 1537133819: Send: wtlogin.login[0m
[0m2021-02-15 14:24:40 V/Net 1537133819: Recv: LoginPacketResponse.Success[0m
[92m2021-02-15 14:24:40 I/Net 1537133819: Login successful[0m
[0m2021-02-15 14:24:40 V/Net 1537133819: Send: StatSvc.register[0m
[0m2021-02-15 14:24:40 V/Net 1537133819: Recv: Response(StatSvc.register)[0m
[92m2021-02-15 14:24:40 I/Net 1537133819: Scheduled key refresh in 5h 55min 0.0s.[0m
[92m2021-02-15 14:24:40 I/Net 1537133819: Syncing friend message history...[0m
[0m2021-02-15 14:24:40 V/Net 1537133819: Send: MessageSvc.PbGetMsg[0m
[92m2021-02-15 14:24:40 I/Net 1537133819: Syncing friend message history: Success.[0m
[96m2021-02-15 14:24:43 D/Net 1537133819: Received unknown commandName: ConfigPushSvc.PushDomain[0m
[0m2021-02-15 14:24:43 V/Net 1537133819: Recv: ConfigPushSvc.PushReq.PushReqResponse.ConfigPush[0m
[0m2021-02-15 14:24:43 V/Net 1537133819: Saving bdh session to cache[0m
[0m2021-02-15 14:24:43 V/Net 1537133819: Send: ConfigPushSvc.PushResp[0m
[0m2021-02-15 14:29:10 V/Net 1537133819: Send: Heartbeat.Alive[0m
[0m2021-02-15 14:29:15 V/Net 1537133819: Send: Heartbeat.Alive[0m
[0m2021-02-15 14:29:25 V/Net 1537133819: Loading BdhSession from cache file[0m
[92m2021-02-15 14:29:25 I/Net 1537133819: Connected to server 111.30.178.75:14000[0m
[0m2021-02-15 14:29:25 V/Net 1537133819: Send: wtlogin.login[0m
[0m2021-02-15 14:29:26 V/Net 1537133819: Recv: LoginPacketResponse.Success[0m
[92m2021-02-15 14:29:26 I/Net 1537133819: Login successful[0m
[0m2021-02-15 14:29:26 V/Net 1537133819: Send: StatSvc.register[0m
[0m2021-02-15 14:29:26 V/Net 1537133819: Recv: Response(StatSvc.register)[0m
[92m2021-02-15 14:29:26 I/Net 1537133819: Scheduled key refresh in 5h 55min 0.0s.[0m
[92m2021-02-15 14:29:26 I/Net 1537133819: Syncing friend message history...[0m
[0m2021-02-15 14:29:26 V/Net 1537133819: Send: MessageSvc.PbGetMsg[0m
[92m2021-02-15 14:29:26 I/Net 1537133819: Syncing friend message history: Success.[0m
[96m2021-02-15 14:29:29 D/Net 1537133819: Received unknown commandName: ConfigPushSvc.PushDomain[0m
[0m2021-02-15 14:29:29 V/Net 1537133819: Recv: ConfigPushSvc.PushReq.PushReqResponse.ConfigPush[0m
[0m2021-02-15 14:29:29 V/Net 1537133819: Saving bdh session to cache[0m
[0m2021-02-15 14:29:29 V/Net 1537133819: Send: ConfigPushSvc.PushResp[0m
[0m2021-02-15 14:33:56 V/Net 1537133819: Send: Heartbeat.Alive[0m
[0m2021-02-15 14:33:56 V/Net 1537133819: Recv: Heartbeat.Alive.Response[0m
[0m2021-02-15 14:38:26 V/Net 1537133819: Send: Heartbeat.Alive[0m
[0m2021-02-15 14:38:31 V/Net 1537133819: Send: Heartbeat.Alive[0m
[0m2021-02-15 14:38:41 V/Net 1537133819: Channel closed.[0m
[0m2021-02-15 14:38:41 V/Net 1537133819: Loading BdhSession from cache file[0m
[92m2021-02-15 14:38:41 I/Net 1537133819: Connected to server 36.155.228.220:14000[0m
[0m2021-02-15 14:38:41 V/Net 1537133819: Send: wtlogin.login[0m
[0m2021-02-15 14:38:41 V/Net 1537133819: Recv: LoginPacketResponse.Success[0m
[92m2021-02-15 14:38:41 I/Net 1537133819: Login successful[0m
[0m2021-02-15 14:38:41 V/Net 1537133819: Send: StatSvc.register[0m
[0m2021-02-15 14:38:41 V/Net 1537133819: Recv: Response(StatSvc.register)[0m
[92m2021-02-15 14:38:41 I/Net 1537133819: Scheduled key refresh in 5h 55min 0.0s.[0m
[92m2021-02-15 14:38:41 I/Net 1537133819: Syncing friend message history...[0m
[0m2021-02-15 14:38:41 V/Net 1537133819: Send: MessageSvc.PbGetMsg[0m
[92m2021-02-15 14:38:42 I/Net 1537133819: Syncing friend message history: Success.[0m
[96m2021-02-15 14:38:44 D/Net 1537133819: Received unknown commandName: ConfigPushSvc.PushDomain[0m
[0m2021-02-15 14:38:44 V/Net 1537133819: Recv: ConfigPushSvc.PushReq.PushReqResponse.ConfigPush[0m
[0m2021-02-15 14:38:44 V/Net 1537133819: Saving bdh session to cache[0m
[0m2021-02-15 14:38:44 V/Net 1537133819: Send: ConfigPushSvc.PushResp[0m
[0m2021-02-15 14:39:08 V/Net 1537133819: Send: ImgStore.GroupPicUp[0m
[0m2021-02-15 14:39:08 V/Net 1537133819: Recv: RequireUpload(fileId=3064262889, uKey=[-66, -58, -94, 103, -54, 2, 72, -34, 71, -21, -53, 108, -98, 53, 50, 113, 24, 58, -37, -106, 84, -28, 32, -107, 114, -55, -36, -39, -44, 3, -84, 103, -103, 74, -23, -24, 38, -34, 50, -85, 120, 40, 22, 119, 56, 69, -56, 24, 43, 59, -119, -48, -37, -55, 124, -108, -119, -93, -117, 119, 53, -33, -49, 12, 42, 81, -19, -115, 91, -66, -91, -68, -114, -69, 126, -112, 75, -128, -63, 26, 41, -67, -103, 65, 57, 80, 58, 59, -114, -126, 85, -44, -126, -68, 34, -55, 75, 58, -95, 49, -127, -29, 57, 96, 35, -22, 42, -20, -100, 5, -107, 26, 31, -17, 80, -100, 100, -80, 47, 51, -94, -80, -33, -37, -65, -58, -85, -118])[0m
[0m2021-02-15 14:39:08 V/Net 1537133819: [Highway] Uploading group image to 111.30.171.190:443, size=331.28 KiB[0m
[0m2021-02-15 14:39:09 V/Net 1537133819: [Highway] Uploading group image: succeed at 371 KiB/s[0m
[0m2021-02-15 14:39:09 V/Net 1537133819: Send: ImgStore.GroupPicUp[0m
[0m2021-02-15 14:39:09 V/Net 1537133819: Recv: RequireUpload(fileId=2240188459, uKey=[-16, -31, 16, -116, 78, 5, 98, -69, -74, -24, -93, -93, -62, 120, -6, -35, -114, -4, 36, 76, -116, 83, -100, 60, 36, 36, 122, 82, 52, 110, -71, 36, -14, 25, 104, -67, 95, 18, -102, 32, -10, -32, -67, 11, -113, 36, -89, 6, -56, 35, -111, -18, 121, 47, 103, -28, 113, -79, -25, 50, -7, 127, -117, -120, -78, -68, 36, -19, 76, 105, 50, -56, -12, 58, 63, -100, 62, -74, -48, -109, 40, -101, -104, -63, 87, 62, -58, -109, 24, -24, 31, 93, -94, -43, 127, 33, 15, -83, -111, 3, 10, -31, 111, 2, 39, -110, 111, 60, 55, -42, -19, 118, -108, -64, 32, -72, -87, 29, 44, -63, -30, -81, -81, 95, -123, 60, -121, -120])[0m
[0m2021-02-15 14:39:09 V/Net 1537133819: Send: MessageSvc.PbSendMsg[0m
[0m2021-02-15 14:39:09 V/Net 1537133819: Recv: MessageSvcPbSendMsg.Response.SUCCESS[0m
[0m2021-02-15 14:43:11 V/Net 1537133819: Send: Heartbeat.Alive[0m
[0m2021-02-15 14:43:11 V/Net 1537133819: Recv: Heartbeat.Alive.Response[0m
[0m2021-02-15 14:47:41 V/Net 1537133819: Send: Heartbeat.Alive[0m
[0m2021-02-15 14:47:47 V/Net 1537133819: Send: Heartbeat.Alive[0m
[0m2021-02-15 14:47:57 V/Net 1537133819: Loading BdhSession from cache file[0m
[92m2021-02-15 14:47:57 I/Net 1537133819: Connected to server 111.30.179.171:8080[0m
[0m2021-02-15 14:47:57 V/Net 1537133819: Send: wtlogin.login[0m
[0m2021-02-15 14:47:57 V/Net 1537133819: Recv: LoginPacketResponse.Success[0m
[92m2021-02-15 14:47:57 I/Net 1537133819: Login successful[0m
[0m2021-02-15 14:47:57 V/Net 1537133819: Send: StatSvc.register[0m
[0m2021-02-15 14:47:57 V/Net 1537133819: Recv: Response(StatSvc.register)[0m
[92m2021-02-15 14:47:57 I/Net 1537133819: Scheduled key refresh in 5h 55min 0.0s.[0m
[92m2021-02-15 14:47:57 I/Net 1537133819: Syncing friend message history...[0m
[0m2021-02-15 14:47:57 V/Net 1537133819: Send: MessageSvc.PbGetMsg[0m
[92m2021-02-15 14:47:57 I/Net 1537133819: Syncing friend message history: Success.[0m
[0m2021-02-15 14:48:00 V/Net 1537133819: Recv: ConfigPushSvc.PushReq.PushReqResponse.ConfigPush[0m
[0m2021-02-15 14:48:00 V/Net 1537133819: Saving bdh session to cache[0m
[0m2021-02-15 14:48:00 V/Net 1537133819: Send: ConfigPushSvc.PushResp[0m
[0m2021-02-15 14:52:27 V/Net 1537133819: Send: Heartbeat.Alive[0m
[0m2021-02-15 14:52:32 V/Net 1537133819: Send: Heartbeat.Alive[0m
[0m2021-02-15 14:52:42 V/Net 1537133819: Loading BdhSession from cache file[0m
[92m2021-02-15 14:52:42 I/Net 1537133819: Connected to server 120.232.18.82:80[0m
[0m2021-02-15 14:52:42 V/Net 1537133819: Send: wtlogin.login[0m
[0m2021-02-15 14:52:42 V/Net 1537133819: Recv: LoginPacketResponse.Success[0m
[92m2021-02-15 14:52:42 I/Net 1537133819: Login successful[0m
[0m2021-02-15 14:52:42 V/Net 1537133819: Send: StatSvc.register[0m
[0m2021-02-15 14:52:42 V/Net 1537133819: Recv: Response(StatSvc.register)[0m
[92m2021-02-15 14:52:42 I/Net 1537133819: Scheduled key refresh in 5h 55min 0.0s.[0m
[92m2021-02-15 14:52:42 I/Net 1537133819: Syncing friend message history...[0m
[0m2021-02-15 14:52:42 V/Net 1537133819: Send: MessageSvc.PbGetMsg[0m
[92m2021-02-15 14:52:42 I/Net 1537133819: Syncing friend message history: Success.[0m
[0m2021-02-15 14:52:45 V/Net 1537133819: Recv: ConfigPushSvc.PushReq.PushReqResponse.ServerListPush[0m
[92m2021-02-15 14:52:45 I/Net 1537133819: Server list updated.[0m
[0m2021-02-15 14:52:45 V/Net 1537133819: Saving bdh session to cache[0m
[0m2021-02-15 14:52:45 V/Net 1537133819: Saving server list to cache[0m
[0m2021-02-15 14:52:45 V/Net 1537133819: Send: ConfigPushSvc.PushResp[0m
[96m2021-02-15 14:52:45 D/Net 1537133819: Received unknown commandName: ConfigPushSvc.PushDomain[0m
[0m2021-02-15 14:52:45 V/Net 1537133819: Recv: ConfigPushSvc.PushReq.PushReqResponse.ConfigPush[0m
[0m2021-02-15 14:52:45 V/Net 1537133819: Saving bdh session to cache[0m
[0m2021-02-15 14:52:45 V/Net 1537133819: Send: ConfigPushSvc.PushResp[0m
[0m2021-02-15 14:57:12 V/Net 1537133819: Send: Heartbeat.Alive[0m
[0m2021-02-15 14:57:17 V/Net 1537133819: Send: Heartbeat.Alive[0m
[0m2021-02-15 14:57:27 V/Net 1537133819: Channel closed.[0m
[0m2021-02-15 14:57:27 V/Net 1537133819: Loading BdhSession from cache file[0m
[92m2021-02-15 14:57:27 I/Net 1537133819: Connected to server 36.155.249.96:14000[0m
[0m2021-02-15 14:57:27 V/Net 1537133819: Send: wtlogin.login[0m
[0m2021-02-15 14:57:28 V/Net 1537133819: Recv: LoginPacketResponse.Success[0m
[92m2021-02-15 14:57:28 I/Net 1537133819: Login successful[0m
[0m2021-02-15 14:57:28 V/Net 1537133819: Send: StatSvc.register[0m
[0m2021-02-15 14:57:28 V/Net 1537133819: Recv: Response(StatSvc.register)[0m
[92m2021-02-15 14:57:28 I/Net 1537133819: Scheduled key refresh in 5h 55min 0.0s.[0m
[92m2021-02-15 14:57:28 I/Net 1537133819: Syncing friend message history...[0m
[0m2021-02-15 14:57:28 V/Net 1537133819: Send: MessageSvc.PbGetMsg[0m
[92m2021-02-15 14:57:28 I/Net 1537133819: Syncing friend message history: Success.[0m
[96m2021-02-15 14:57:31 D/Net 1537133819: Received unknown commandName: ConfigPushSvc.PushDomain[0m
[0m2021-02-15 14:57:31 V/Net 1537133819: Recv: ConfigPushSvc.PushReq.PushReqResponse.ConfigPush[0m
[0m2021-02-15 14:57:31 V/Net 1537133819: Saving bdh session to cache[0m
[0m2021-02-15 14:57:31 V/Net 1537133819: Send: ConfigPushSvc.PushResp[0m
[0m2021-02-15 15:01:58 V/Net 1537133819: Send: Heartbeat.Alive[0m
[0m2021-02-15 15:02:03 V/Net 1537133819: Send: Heartbeat.Alive[0m
[0m2021-02-15 15:02:13 V/Net 1537133819: Loading BdhSession from cache file[0m
[92m2021-02-15 15:02:13 I/Net 1537133819: Connected to server 111.30.169.23:14000[0m
[0m2021-02-15 15:02:13 V/Net 1537133819: Send: wtlogin.login[0m
[0m2021-02-15 15:02:13 V/Net 1537133819: Recv: LoginPacketResponse.Success[0m
[92m2021-02-15 15:02:13 I/Net 1537133819: Login successful[0m
[0m2021-02-15 15:02:13 V/Net 1537133819: Send: StatSvc.register[0m
[0m2021-02-15 15:02:13 V/Net 1537133819: Recv: Response(StatSvc.register)[0m
[92m2021-02-15 15:02:13 I/Net 1537133819: Scheduled key refresh in 5h 55min 0.0s.[0m
[92m2021-02-15 15:02:13 I/Net 1537133819: Syncing friend message history...[0m
[0m2021-02-15 15:02:13 V/Net 1537133819: Send: MessageSvc.PbGetMsg[0m
[92m2021-02-15 15:02:14 I/Net 1537133819: Syncing friend message history: Success.[0m
[0m2021-02-15 15:02:16 V/Net 1537133819: Recv: ConfigPushSvc.PushReq.PushReqResponse.ConfigPush[0m
[0m2021-02-15 15:02:16 V/Net 1537133819: Saving bdh session to cache[0m
[0m2021-02-15 15:02:16 V/Net 1537133819: Send: ConfigPushSvc.PushResp[0m
[0m2021-02-15 15:06:43 V/Net 1537133819: Send: Heartbeat.Alive[0m
[0m2021-02-15 15:06:48 V/Net 1537133819: Send: Heartbeat.Alive[0m
[0m2021-02-15 15:06:58 V/Net 1537133819: Loading BdhSession from cache file[0m
[92m2021-02-15 15:06:59 I/Net 1537133819: Connected to server 111.30.181.58:80[0m
[0m2021-02-15 15:06:59 V/Net 1537133819: Send: wtlogin.login[0m
[0m2021-02-15 15:06:59 V/Net 1537133819: Recv: LoginPacketResponse.Success[0m
[92m2021-02-15 15:06:59 I/Net 1537133819: Login successful[0m
[0m2021-02-15 15:06:59 V/Net 1537133819: Send: StatSvc.register[0m
[0m2021-02-15 15:06:59 V/Net 1537133819: Recv: Response(StatSvc.register)[0m
[92m2021-02-15 15:06:59 I/Net 1537133819: Scheduled key refresh in 5h 55min 0.0s.[0m
[92m2021-02-15 15:06:59 I/Net 1537133819: Syncing friend message history...[0m
[0m2021-02-15 15:06:59 V/Net 1537133819: Send: MessageSvc.PbGetMsg[0m
[92m2021-02-15 15:06:59 I/Net 1537133819: Syncing friend message history: Success.[0m
[96m2021-02-15 15:07:02 D/Net 1537133819: Received unknown commandName: ConfigPushSvc.PushDomain[0m
[0m2021-02-15 15:07:02 V/Net 1537133819: Recv: ConfigPushSvc.PushReq.PushReqResponse.ConfigPush[0m
[0m2021-02-15 15:07:02 V/Net 1537133819: Saving bdh session to cache[0m
[0m2021-02-15 15:07:02 V/Net 1537133819: Send: ConfigPushSvc.PushResp[0m
[0m2021-02-15 15:11:29 V/Net 1537133819: Send: Heartbeat.Alive[0m
[0m2021-02-15 15:11:34 V/Net 1537133819: Send: Heartbeat.Alive[0m
[0m2021-02-15 15:11:44 V/Net 1537133819: Loading BdhSession from cache file[0m
[92m2021-02-15 15:11:44 I/Net 1537133819: Connected to server msfwifi.3g.qq.com:8080[0m
[0m2021-02-15 15:11:44 V/Net 1537133819: Send: wtlogin.login[0m
[0m2021-02-15 15:11:44 V/Net 1537133819: Recv: LoginPacketResponse.Success[0m
[92m2021-02-15 15:11:44 I/Net 1537133819: Login successful[0m
[0m2021-02-15 15:11:44 V/Net 1537133819: Send: StatSvc.register[0m
[0m2021-02-15 15:11:44 V/Net 1537133819: Recv: Response(StatSvc.register)[0m
[92m2021-02-15 15:11:44 I/Net 1537133819: Scheduled key refresh in 5h 55min 0.0s.[0m
[92m2021-02-15 15:11:44 I/Net 1537133819: Syncing friend message history...[0m
[0m2021-02-15 15:11:44 V/Net 1537133819: Send: MessageSvc.PbGetMsg[0m
[92m2021-02-15 15:11:44 I/Net 1537133819: Syncing friend message history: Success.[0m
[96m2021-02-15 15:11:47 D/Net 1537133819: Received unknown commandName: ConfigPushSvc.PushDomain[0m
[0m2021-02-15 15:11:47 V/Net 1537133819: Recv: ConfigPushSvc.PushReq.PushReqResponse.ConfigPush[0m
[0m2021-02-15 15:11:47 V/Net 1537133819: Saving bdh session to cache[0m
[0m2021-02-15 15:11:47 V/Net 1537133819: Send: ConfigPushSvc.PushResp[0m
[0m2021-02-15 15:16:14 V/Net 1537133819: Send: Heartbeat.Alive[0m
[0m2021-02-15 15:16:19 V/Net 1537133819: Send: Heartbeat.Alive[0m
[0m2021-02-15 15:16:29 V/Net 1537133819: Channel closed.[0m
[0m2021-02-15 15:16:29 V/Net 1537133819: Loading BdhSession from cache file[0m
[92m2021-02-15 15:16:29 I/Net 1537133819: Connected to server 120.232.18.82:80[0m
[0m2021-02-15 15:16:29 V/Net 1537133819: Send: wtlogin.login[0m
[0m2021-02-15 15:16:30 V/Net 1537133819: Recv: LoginPacketResponse.Success[0m
[92m2021-02-15 15:16:30 I/Net 1537133819: Login successful[0m
[0m2021-02-15 15:16:30 V/Net 1537133819: Send: StatSvc.register[0m
[0m2021-02-15 15:16:30 V/Net 1537133819: Recv: Response(StatSvc.register)[0m
[92m2021-02-15 15:16:30 I/Net 1537133819: Scheduled key refresh in 5h 55min 0.0s.[0m
[92m2021-02-15 15:16:30 I/Net 1537133819: Syncing friend message history...[0m
[0m2021-02-15 15:16:30 V/Net 1537133819: Send: MessageSvc.PbGetMsg[0m
[92m2021-02-15 15:16:30 I/Net 1537133819: Syncing friend message history: Success.[0m
[96m2021-02-15 15:16:33 D/Net 1537133819: Received unknown commandName: ConfigPushSvc.PushDomain[0m
[0m2021-02-15 15:16:33 V/Net 1537133819: Recv: ConfigPushSvc.PushReq.PushReqResponse.ConfigPush[0m
[0m2021-02-15 15:16:33 V/Net 1537133819: Saving bdh session to cache[0m
[0m2021-02-15 15:16:33 V/Net 1537133819: Send: ConfigPushSvc.PushResp[0m
[0m2021-02-15 15:21:00 V/Net 1537133819: Send: Heartbeat.Alive[0m
[0m2021-02-15 15:21:05 V/Net 1537133819: Send: Heartbeat.Alive[0m
[0m2021-02-15 15:21:15 V/Net 1537133819: Channel closed.[0m
[0m2021-02-15 15:21:15 V/Net 1537133819: Loading BdhSession from cache file[0m
[92m2021-02-15 15:21:15 I/Net 1537133819: Connected to server 36.155.229.228:14000[0m
[0m2021-02-15 15:21:15 V/Net 1537133819: Send: wtlogin.login[0m
[0m2021-02-15 15:21:15 V/Net 1537133819: Recv: LoginPacketResponse.Success[0m
[92m2021-02-15 15:21:15 I/Net 1537133819: Login successful[0m
[0m2021-02-15 15:21:15 V/Net 1537133819: Send: StatSvc.register[0m
[0m2021-02-15 15:21:15 V/Net 1537133819: Recv: Response(StatSvc.register)[0m
[92m2021-02-15 15:21:15 I/Net 1537133819: Syncing friend message history...[0m
[92m2021-02-15 15:21:15 I/Net 1537133819: Scheduled key refresh in 5h 55min 0.0s.[0m
[0m2021-02-15 15:21:15 V/Net 1537133819: Send: MessageSvc.PbGetMsg[0m
[92m2021-02-15 15:21:15 I/Net 1537133819: Syncing friend message history: Success.[0m
[0m2021-02-15 15:21:18 V/Net 1537133819: Recv: ConfigPushSvc.PushReq.PushReqResponse.ServerListPush[0m
[92m2021-02-15 15:21:18 I/Net 1537133819: Server list updated.[0m
[0m2021-02-15 15:21:18 V/Net 1537133819: Saving bdh session to cache[0m
[0m2021-02-15 15:21:18 V/Net 1537133819: Saving server list to cache[0m
[0m2021-02-15 15:21:18 V/Net 1537133819: Send: ConfigPushSvc.PushResp[0m
[96m2021-02-15 15:21:18 D/Net 1537133819: Received unknown commandName: ConfigPushSvc.PushDomain[0m
[0m2021-02-15 15:21:18 V/Net 1537133819: Recv: ConfigPushSvc.PushReq.PushReqResponse.ConfigPush[0m
[0m2021-02-15 15:21:18 V/Net 1537133819: Saving bdh session to cache[0m
[0m2021-02-15 15:21:18 V/Net 1537133819: Send: ConfigPushSvc.PushResp[0m
[0m2021-02-15 15:25:45 V/Net 1537133819: Send: Heartbeat.Alive[0m
[0m2021-02-15 15:25:50 V/Net 1537133819: Send: Heartbeat.Alive[0m
[0m2021-02-15 15:26:00 V/Net 1537133819: Loading BdhSession from cache file[0m
[92m2021-02-15 15:26:00 I/Net 1537133819: Connected to server 36.155.229.228:14000[0m
[0m2021-02-15 15:26:00 V/Net 1537133819: Send: wtlogin.login[0m
[0m2021-02-15 15:26:01 V/Net 1537133819: Recv: LoginPacketResponse.Success[0m
[92m2021-02-15 15:26:01 I/Net 1537133819: Login successful[0m
[0m2021-02-15 15:26:01 V/Net 1537133819: Send: StatSvc.register[0m
[0m2021-02-15 15:26:01 V/Net 1537133819: Recv: Response(StatSvc.register)[0m
[92m2021-02-15 15:26:01 I/Net 1537133819: Scheduled key refresh in 5h 55min 0.0s.[0m
[92m2021-02-15 15:26:01 I/Net 1537133819: Syncing friend message history...[0m
[0m2021-02-15 15:26:01 V/Net 1537133819: Send: MessageSvc.PbGetMsg[0m
[92m2021-02-15 15:26:01 I/Net 1537133819: Syncing friend message history: Success.[0m
[0m2021-02-15 15:26:04 V/Net 1537133819: Recv: ConfigPushSvc.PushReq.PushReqResponse.ConfigPush[0m
[0m2021-02-15 15:26:04 V/Net 1537133819: Saving bdh session to cache[0m
[0m2021-02-15 15:26:04 V/Net 1537133819: Send: ConfigPushSvc.PushResp[0m
[96m2021-02-15 15:26:04 D/Net 1537133819: Received unknown commandName: ConfigPushSvc.PushDomain[0m
[0m2021-02-15 16:13:40 V/Net 1537133819: Loading BdhSession from cache file[0m
[0m2021-02-15 16:13:40 V/Net 1537133819: Loading server list from cache.[0m
[92m2021-02-15 16:13:40 I/Net 1537133819: Connected to server msfwifi.3g.qq.com:8080[0m
[0m2021-02-15 16:13:40 V/Net 1537133819: Send: wtlogin.login[0m
[0m2021-02-15 16:13:40 V/Net 1537133819: Recv: LoginPacketResponse.Success[0m
[92m2021-02-15 16:13:40 I/Net 1537133819: Login successful[0m
[0m2021-02-15 16:13:40 V/Net 1537133819: Send: StatSvc.register[0m
[0m2021-02-15 16:13:41 V/Net 1537133819: Recv: Response(StatSvc.register)[0m
[92m2021-02-15 16:13:41 I/Net 1537133819: Scheduled key refresh in 5h 55min 0.0s.[0m
[0m2021-02-15 16:13:41 V/Net 1537133819: Send: StatSvc.register[0m
[0m2021-02-15 16:13:41 V/Net 1537133819: Recv: Response(StatSvc.register)[0m
[92m2021-02-15 16:13:41 I/Net 1537133819: Awaiting ConfigPushSvc.PushReq.[0m
[92m2021-02-15 16:13:41 I/Net 1537133819: Syncing friend message history...[0m
[92m2021-02-15 16:13:41 I/Net 1537133819: Start loading friend list...[0m
[92m2021-02-15 16:13:41 I/Net 1537133819: Start loading stranger list...[0m
[0m2021-02-15 16:13:41 V/Net 1537133819: Send: MessageSvc.PbGetMsg[0m
[0m2021-02-15 16:13:41 V/Net 1537133819: Send: StatSvc.GetDevLoginInfo[0m
[0m2021-02-15 16:13:41 V/Net 1537133819: Send: OidbSvc.0x496[0m
[0m2021-02-15 16:13:41 V/Net 1537133819: Send: OidbSvc.0x5d2_0[0m
[0m2021-02-15 16:13:41 V/Net 1537133819: Send: friendlist.getFriendGroupList[0m
[92m2021-02-15 16:13:41 I/Net 1537133819: Syncing friend message history: Success.[0m
[0m2021-02-15 16:13:41 V/Net 1537133819: Recv: StrangerList.GetStrangerList.Response(result=0)[0m
[92m2021-02-15 16:13:41 I/Net 1537133819: Successfully loaded stranger list: 0 in total[0m
[0m2021-02-15 16:13:41 V/Net 1537133819: Recv: StatSvc.GetDevLoginInfo.Response(deviceList.size=1)[0m
[0m2021-02-15 16:13:41 V/Net 1537133819: Recv: TroopManagement.GetTroopConfig.Response(true)[0m
[92m2021-02-15 16:13:41 I/Net 1537133819: Start loading group list...[0m
[0m2021-02-15 16:13:41 V/Net 1537133819: Recv: FriendList.GetFriendGroupList.Response[0m
[0m2021-02-15 16:13:41 V/Net 1537133819: Loading friend list: 3/3[0m
[92m2021-02-15 16:13:41 I/Net 1537133819: Successfully loaded friend list: 3 in total[0m
[0m2021-02-15 16:13:41 V/Net 1537133819: Send: friendlist.GetTroopListReqV2[0m
[0m2021-02-15 16:13:41 V/Net 1537133819: Recv: FriendList.GetFriendGroupList.Response[0m
[0m2021-02-15 16:13:41 V/Net 1537133819: Send: friendlist.GetTroopMemberListReq[0m
[0m2021-02-15 16:13:41 V/Net 1537133819: Recv: FriendList.GetTroopMemberList.Response[0m
[92m2021-02-15 16:13:41 I/Net 1537133819: Successfully loaded group list: 1 in total.[0m
[0m2021-02-15 16:13:44 V/Net 1537133819: Recv: ConfigPushSvc.PushReq.PushReqResponse.ServerListPush[0m
[92m2021-02-15 16:13:44 I/Net 1537133819: Server list updated.[0m
[0m2021-02-15 16:13:44 V/Net 1537133819: Saving bdh session to cache[0m
[0m2021-02-15 16:13:44 V/Net 1537133819: Saving server list to cache[0m
[0m2021-02-15 16:13:44 V/Net 1537133819: Send: ConfigPushSvc.PushResp[0m
[92m2021-02-15 16:13:44 I/Net 1537133819: ConfigPushSvc.PushReq: Server updated.[0m
[96m2021-02-15 16:13:44 D/Net 1537133819: Received unknown commandName: ConfigPushSvc.PushDomain[0m
[0m2021-02-15 16:13:44 V/Net 1537133819: Recv: ConfigPushSvc.PushReq.PushReqResponse.ConfigPush[0m
[0m2021-02-15 16:13:44 V/Net 1537133819: Saving bdh session to cache[0m
[0m2021-02-15 16:13:44 V/Net 1537133819: Send: ConfigPushSvc.PushResp[0m
[0m2021-02-15 16:16:56 V/Net 1537133819: Loading BdhSession from cache file[0m
[0m2021-02-15 16:16:56 V/Net 1537133819: Loading server list from cache.[0m
[92m2021-02-15 16:16:56 I/Net 1537133819: Connected to server 111.30.178.193:14000[0m
[0m2021-02-15 16:16:56 V/Net 1537133819: Send: wtlogin.login[0m
[0m2021-02-15 16:16:56 V/Net 1537133819: Recv: LoginPacketResponse.Success[0m
[92m2021-02-15 16:16:56 I/Net 1537133819: Login successful[0m
[0m2021-02-15 16:16:56 V/Net 1537133819: Send: StatSvc.register[0m
[0m2021-02-15 16:16:56 V/Net 1537133819: Recv: Response(StatSvc.register)[0m
[92m2021-02-15 16:16:56 I/Net 1537133819: Scheduled key refresh in 5h 55min 0.0s.[0m
[0m2021-02-15 16:16:56 V/Net 1537133819: Send: StatSvc.register[0m
[0m2021-02-15 16:16:56 V/Net 1537133819: Recv: Response(StatSvc.register)[0m
[92m2021-02-15 16:16:56 I/Net 1537133819: Awaiting ConfigPushSvc.PushReq.[0m
[92m2021-02-15 16:16:56 I/Net 1537133819: Syncing friend message history...[0m
[92m2021-02-15 16:16:56 I/Net 1537133819: Start loading stranger list...[0m
[92m2021-02-15 16:16:56 I/Net 1537133819: Start loading friend list...[0m
[0m2021-02-15 16:16:56 V/Net 1537133819: Send: MessageSvc.PbGetMsg[0m
[0m2021-02-15 16:16:56 V/Net 1537133819: Send: StatSvc.GetDevLoginInfo[0m
[0m2021-02-15 16:16:56 V/Net 1537133819: Send: OidbSvc.0x496[0m
[0m2021-02-15 16:16:56 V/Net 1537133819: Send: OidbSvc.0x5d2_0[0m
[0m2021-02-15 16:16:56 V/Net 1537133819: Send: friendlist.getFriendGroupList[0m
[0m2021-02-15 16:16:56 V/Net 1537133819: Recv: StrangerList.GetStrangerList.Response(result=0)[0m
[92m2021-02-15 16:16:56 I/Net 1537133819: Successfully loaded stranger list: 0 in total[0m
[0m2021-02-15 16:16:56 V/Net 1537133819: Recv: StatSvc.GetDevLoginInfo.Response(deviceList.size=1)[0m
[92m2021-02-15 16:16:56 I/Net 1537133819: Syncing friend message history: Success.[0m
[0m2021-02-15 16:16:56 V/Net 1537133819: Recv: TroopManagement.GetTroopConfig.Response(true)[0m
[92m2021-02-15 16:16:56 I/Net 1537133819: Start loading group list...[0m
[0m2021-02-15 16:16:56 V/Net 1537133819: Send: friendlist.GetTroopListReqV2[0m
[0m2021-02-15 16:16:56 V/Net 1537133819: Recv: FriendList.GetFriendGroupList.Response[0m
[0m2021-02-15 16:16:56 V/Net 1537133819: Loading friend list: 3/3[0m
[92m2021-02-15 16:16:56 I/Net 1537133819: Successfully loaded friend list: 3 in total[0m
[0m2021-02-15 16:16:57 V/Net 1537133819: Recv: FriendList.GetFriendGroupList.Response[0m
[0m2021-02-15 16:16:57 V/Net 1537133819: Send: friendlist.GetTroopMemberListReq[0m
[0m2021-02-15 16:16:57 V/Net 1537133819: Recv: FriendList.GetTroopMemberList.Response[0m
[92m2021-02-15 16:16:57 I/Net 1537133819: Successfully loaded group list: 1 in total.[0m
[0m2021-02-15 16:16:59 V/Net 1537133819: Recv: ConfigPushSvc.PushReq.PushReqResponse.ServerListPush[0m
[92m2021-02-15 16:16:59 I/Net 1537133819: Server list updated.[0m
[0m2021-02-15 16:16:59 V/Net 1537133819: Saving bdh session to cache[0m
[0m2021-02-15 16:16:59 V/Net 1537133819: Saving server list to cache[0m
[0m2021-02-15 16:16:59 V/Net 1537133819: Send: ConfigPushSvc.PushResp[0m
[92m2021-02-15 16:16:59 I/Net 1537133819: ConfigPushSvc.PushReq: Server updated.[0m
[96m2021-02-15 16:16:59 D/Net 1537133819: Received unknown commandName: ConfigPushSvc.PushDomain[0m
[0m2021-02-15 16:16:59 V/Net 1537133819: Recv: ConfigPushSvc.PushReq.PushReqResponse.ConfigPush[0m
[0m2021-02-15 16:16:59 V/Net 1537133819: Saving bdh session to cache[0m
[0m2021-02-15 16:16:59 V/Net 1537133819: Send: ConfigPushSvc.PushResp[0m
[0m2021-02-15 16:21:28 V/Net 1537133819: Loading BdhSession from cache file[0m
[0m2021-02-15 16:21:28 V/Net 1537133819: Loading server list from cache.[0m
[92m2021-02-15 16:21:28 I/Net 1537133819: Connected to server 111.30.179.171:443[0m
[0m2021-02-15 16:21:28 V/Net 1537133819: Send: wtlogin.login[0m
[0m2021-02-15 16:21:29 V/Net 1537133819: Recv: LoginPacketResponse.Success[0m
[92m2021-02-15 16:21:29 I/Net 1537133819: Login successful[0m
[0m2021-02-15 16:21:29 V/Net 1537133819: Send: StatSvc.register[0m
[0m2021-02-15 16:21:29 V/Net 1537133819: Recv: Response(StatSvc.register)[0m
[92m2021-02-15 16:21:29 I/Net 1537133819: Scheduled key refresh in 5h 55min 0.0s.[0m
[0m2021-02-15 16:21:29 V/Net 1537133819: Send: StatSvc.register[0m
[0m2021-02-15 16:21:29 V/Net 1537133819: Recv: Response(StatSvc.register)[0m
[92m2021-02-15 16:21:29 I/Net 1537133819: Awaiting ConfigPushSvc.PushReq.[0m
[92m2021-02-15 16:21:29 I/Net 1537133819: Syncing friend message history...[0m
[92m2021-02-15 16:21:29 I/Net 1537133819: Start loading stranger list...[0m
[92m2021-02-15 16:21:29 I/Net 1537133819: Start loading friend list...[0m
[0m2021-02-15 16:21:29 V/Net 1537133819: Send: MessageSvc.PbGetMsg[0m
[0m2021-02-15 16:21:29 V/Net 1537133819: Send: StatSvc.GetDevLoginInfo[0m
[0m2021-02-15 16:21:29 V/Net 1537133819: Send: OidbSvc.0x496[0m
[0m2021-02-15 16:21:29 V/Net 1537133819: Send: OidbSvc.0x5d2_0[0m
[0m2021-02-15 16:21:29 V/Net 1537133819: Send: friendlist.getFriendGroupList[0m
[0m2021-02-15 16:21:29 V/Net 1537133819: Recv: StrangerList.GetStrangerList.Response(result=0)[0m
[92m2021-02-15 16:21:29 I/Net 1537133819: Successfully loaded stranger list: 0 in total[0m
[0m2021-02-15 16:21:29 V/Net 1537133819: Recv: StatSvc.GetDevLoginInfo.Response(deviceList.size=1)[0m
[92m2021-02-15 16:21:29 I/Net 1537133819: Syncing friend message history: Success.[0m
[0m2021-02-15 16:21:29 V/Net 1537133819: Recv: TroopManagement.GetTroopConfig.Response(true)[0m
[92m2021-02-15 16:21:29 I/Net 1537133819: Start loading group list...[0m
[0m2021-02-15 16:21:29 V/Net 1537133819: Send: friendlist.GetTroopListReqV2[0m
[0m2021-02-15 16:21:29 V/Net 1537133819: Recv: FriendList.GetFriendGroupList.Response[0m
[0m2021-02-15 16:21:29 V/Net 1537133819: Loading friend list: 3/3[0m
[92m2021-02-15 16:21:29 I/Net 1537133819: Successfully loaded friend list: 3 in total[0m
[0m2021-02-15 16:21:29 V/Net 1537133819: Recv: FriendList.GetFriendGroupList.Response[0m
[0m2021-02-15 16:21:29 V/Net 1537133819: Send: friendlist.GetTroopMemberListReq[0m
[0m2021-02-15 16:21:29 V/Net 1537133819: Recv: FriendList.GetTroopMemberList.Response[0m
[92m2021-02-15 16:21:29 I/Net 1537133819: Successfully loaded group list: 1 in total.[0m
[96m2021-02-15 16:21:32 D/Net 1537133819: Received unknown commandName: ConfigPushSvc.PushDomain[0m
[0m2021-02-15 16:21:32 V/Net 1537133819: Recv: ConfigPushSvc.PushReq.PushReqResponse.ConfigPush[0m
[0m2021-02-15 16:21:32 V/Net 1537133819: Saving bdh session to cache[0m
[0m2021-02-15 16:21:32 V/Net 1537133819: Send: ConfigPushSvc.PushResp[0m
[92m2021-02-15 16:21:32 I/Net 1537133819: ConfigPushSvc.PushReq: Config updated.[0m
[0m2021-02-15 16:25:59 V/Net 1537133819: Send: Heartbeat.Alive[0m
[0m2021-02-15 16:26:04 V/Net 1537133819: Send: Heartbeat.Alive[0m
[0m2021-02-15 16:26:14 V/Net 1537133819: Loading BdhSession from cache file[0m
[92m2021-02-15 16:26:14 I/Net 1537133819: Connected to server 120.232.18.55:80[0m
[0m2021-02-15 16:26:14 V/Net 1537133819: Send: wtlogin.login[0m
[0m2021-02-15 16:26:14 V/Net 1537133819: Recv: LoginPacketResponse.Success[0m
[92m2021-02-15 16:26:14 I/Net 1537133819: Login successful[0m
[0m2021-02-15 16:26:14 V/Net 1537133819: Send: StatSvc.register[0m
[0m2021-02-15 16:26:14 V/Net 1537133819: Recv: Response(StatSvc.register)[0m
[92m2021-02-15 16:26:14 I/Net 1537133819: Scheduled key refresh in 5h 55min 0.0s.[0m
[92m2021-02-15 16:26:14 I/Net 1537133819: Syncing friend message history...[0m
[0m2021-02-15 16:26:14 V/Net 1537133819: Send: MessageSvc.PbGetMsg[0m
[92m2021-02-15 16:26:14 I/Net 1537133819: Syncing friend message history: Success.[0m
[0m2021-02-15 16:26:18 V/Net 1537133819: Loading BdhSession from cache file[0m
[0m2021-02-15 16:26:18 V/Net 1537133819: Loading server list from cache.[0m
[92m2021-02-15 16:26:18 I/Net 1537133819: Connected to server 111.30.179.171:443[0m
[0m2021-02-15 16:26:18 V/Net 1537133819: Send: wtlogin.login[0m
[0m2021-02-15 16:26:18 V/Net 1537133819: Recv: LoginPacketResponse.Success[0m
[92m2021-02-15 16:26:18 I/Net 1537133819: Login successful[0m
[0m2021-02-15 16:26:18 V/Net 1537133819: Send: StatSvc.register[0m
[0m2021-02-15 16:26:19 V/Net 1537133819: Recv: Response(StatSvc.register)[0m
[92m2021-02-15 16:26:19 I/Net 1537133819: Scheduled key refresh in 5h 55min 0.0s.[0m
[0m2021-02-15 16:26:19 V/Net 1537133819: Send: StatSvc.register[0m
[0m2021-02-15 16:26:19 V/Net 1537133819: Recv: Response(StatSvc.register)[0m
[92m2021-02-15 16:26:19 I/Net 1537133819: Awaiting ConfigPushSvc.PushReq.[0m
[92m2021-02-15 16:26:19 I/Net 1537133819: Syncing friend message history...[0m
[92m2021-02-15 16:26:19 I/Net 1537133819: Start loading friend list...[0m
[92m2021-02-15 16:26:19 I/Net 1537133819: Start loading stranger list...[0m
[0m2021-02-15 16:26:19 V/Net 1537133819: Send: MessageSvc.PbGetMsg[0m
[0m2021-02-15 16:26:19 V/Net 1537133819: Send: StatSvc.GetDevLoginInfo[0m
[0m2021-02-15 16:26:19 V/Net 1537133819: Send: OidbSvc.0x496[0m
[0m2021-02-15 16:26:19 V/Net 1537133819: Send: OidbSvc.0x5d2_0[0m
[0m2021-02-15 16:26:19 V/Net 1537133819: Send: friendlist.getFriendGroupList[0m
[0m2021-02-15 16:26:19 V/Net 1537133819: Recv: StrangerList.GetStrangerList.Response(result=0)[0m
[92m2021-02-15 16:26:19 I/Net 1537133819: Successfully loaded stranger list: 0 in total[0m
[92m2021-02-15 16:26:19 I/Net 1537133819: Syncing friend message history: Success.[0m
[0m2021-02-15 16:26:19 V/Net 1537133819: Recv: TroopManagement.GetTroopConfig.Response(true)[0m
[92m2021-02-15 16:26:19 I/Net 1537133819: Start loading group list...[0m
[0m2021-02-15 16:26:19 V/Net 1537133819: Send: friendlist.GetTroopListReqV2[0m
[0m2021-02-15 16:26:19 V/Net 1537133819: Recv: StatSvc.GetDevLoginInfo.Response(deviceList.size=1)[0m
[0m2021-02-15 16:26:19 V/Net 1537133819: Recv: FriendList.GetFriendGroupList.Response[0m
[0m2021-02-15 16:26:19 V/Net 1537133819: Loading friend list: 3/3[0m
[92m2021-02-15 16:26:19 I/Net 1537133819: Successfully loaded friend list: 3 in total[0m
[0m2021-02-15 16:26:19 V/Net 1537133819: Recv: FriendList.GetFriendGroupList.Response[0m
[0m2021-02-15 16:26:19 V/Net 1537133819: Send: friendlist.GetTroopMemberListReq[0m
[0m2021-02-15 16:26:19 V/Net 1537133819: Recv: FriendList.GetTroopMemberList.Response[0m
[92m2021-02-15 16:26:19 I/Net 1537133819: Successfully loaded group list: 1 in total.[0m
[96m2021-02-15 16:26:22 D/Net 1537133819: Received unknown commandName: ConfigPushSvc.PushDomain[0m
[0m2021-02-15 16:26:22 V/Net 1537133819: Recv: ConfigPushSvc.PushReq.PushReqResponse.ConfigPush[0m
[0m2021-02-15 16:26:22 V/Net 1537133819: Saving bdh session to cache[0m
[0m2021-02-15 16:26:22 V/Net 1537133819: Send: ConfigPushSvc.PushResp[0m
[92m2021-02-15 16:26:22 I/Net 1537133819: ConfigPushSvc.PushReq: Config updated.[0m
[0m2021-02-15 16:29:51 V/Net 1537133819: Loading BdhSession from cache file[0m
[0m2021-02-15 16:29:51 V/Net 1537133819: Loading server list from cache.[0m
[92m2021-02-15 16:29:51 I/Net 1537133819: Connected to server 111.30.179.171:443[0m
[0m2021-02-15 16:29:51 V/Net 1537133819: Send: wtlogin.login[0m
[0m2021-02-15 16:29:51 V/Net 1537133819: Recv: LoginPacketResponse.Success[0m
[92m2021-02-15 16:29:51 I/Net 1537133819: Login successful[0m
[0m2021-02-15 16:29:51 V/Net 1537133819: Send: StatSvc.register[0m
[0m2021-02-15 16:29:51 V/Net 1537133819: Recv: Response(StatSvc.register)[0m
[92m2021-02-15 16:29:51 I/Net 1537133819: Scheduled key refresh in 5h 55min 0.0s.[0m
[0m2021-02-15 16:29:51 V/Net 1537133819: Send: StatSvc.register[0m
[0m2021-02-15 16:29:51 V/Net 1537133819: Recv: Response(StatSvc.register)[0m
[92m2021-02-15 16:29:51 I/Net 1537133819: Awaiting ConfigPushSvc.PushReq.[0m
[92m2021-02-15 16:29:51 I/Net 1537133819: Syncing friend message history...[0m
[92m2021-02-15 16:29:51 I/Net 1537133819: Start loading stranger list...[0m
[92m2021-02-15 16:29:51 I/Net 1537133819: Start loading friend list...[0m
[0m2021-02-15 16:29:51 V/Net 1537133819: Send: MessageSvc.PbGetMsg[0m
[0m2021-02-15 16:29:51 V/Net 1537133819: Send: StatSvc.GetDevLoginInfo[0m
[0m2021-02-15 16:29:51 V/Net 1537133819: Send: OidbSvc.0x496[0m
[0m2021-02-15 16:29:51 V/Net 1537133819: Send: OidbSvc.0x5d2_0[0m
[0m2021-02-15 16:29:51 V/Net 1537133819: Send: friendlist.getFriendGroupList[0m
[0m2021-02-15 16:29:51 V/Net 1537133819: Recv: StrangerList.GetStrangerList.Response(result=0)[0m
[92m2021-02-15 16:29:51 I/Net 1537133819: Successfully loaded stranger list: 0 in total[0m
[92m2021-02-15 16:29:51 I/Net 1537133819: Syncing friend message history: Success.[0m
[0m2021-02-15 16:29:51 V/Net 1537133819: Recv: TroopManagement.GetTroopConfig.Response(true)[0m
[92m2021-02-15 16:29:51 I/Net 1537133819: Start loading group list...[0m
[0m2021-02-15 16:29:51 V/Net 1537133819: Send: friendlist.GetTroopListReqV2[0m
[0m2021-02-15 16:29:51 V/Net 1537133819: Recv: FriendList.GetFriendGroupList.Response[0m
[0m2021-02-15 16:29:51 V/Net 1537133819: Loading friend list: 3/3[0m
[92m2021-02-15 16:29:51 I/Net 1537133819: Successfully loaded friend list: 3 in total[0m
[0m2021-02-15 16:29:51 V/Net 1537133819: Recv: StatSvc.GetDevLoginInfo.Response(deviceList.size=1)[0m
[0m2021-02-15 16:29:51 V/Net 1537133819: Recv: FriendList.GetFriendGroupList.Response[0m
[0m2021-02-15 16:29:51 V/Net 1537133819: Send: friendlist.GetTroopMemberListReq[0m
[0m2021-02-15 16:29:52 V/Net 1537133819: Recv: FriendList.GetTroopMemberList.Response[0m
[92m2021-02-15 16:29:52 I/Net 1537133819: Successfully loaded group list: 1 in total.[0m
[0m2021-02-15 16:29:54 V/Net 1537133819: Recv: ConfigPushSvc.PushReq.PushReqResponse.ConfigPush[0m
[0m2021-02-15 16:29:54 V/Net 1537133819: Saving bdh session to cache[0m
[0m2021-02-15 16:29:54 V/Net 1537133819: Send: ConfigPushSvc.PushResp[0m
[92m2021-02-15 16:29:54 I/Net 1537133819: ConfigPushSvc.PushReq: Config updated.[0m
[0m2021-02-15 16:34:21 V/Net 1537133819: Send: Heartbeat.Alive[0m
[0m2021-02-15 16:34:26 V/Net 1537133819: Send: Heartbeat.Alive[0m
[0m2021-02-15 16:34:36 V/Net 1537133819: Channel closed.[0m
[0m2021-02-15 16:34:36 V/Net 1537133819: Loading BdhSession from cache file[0m
[92m2021-02-15 16:34:36 I/Net 1537133819: Connected to server 120.232.18.55:80[0m
[0m2021-02-15 16:34:36 V/Net 1537133819: Send: wtlogin.login[0m
[0m2021-02-15 16:35:38 V/Net 1537133819: Loading BdhSession from cache file[0m
[0m2021-02-15 16:35:38 V/Net 1537133819: Loading server list from cache.[0m
[92m2021-02-15 16:35:38 I/Net 1537133819: Connected to server 111.30.179.171:443[0m
[0m2021-02-15 16:35:38 V/Net 1537133819: Send: wtlogin.login[0m
[0m2021-02-15 16:35:39 V/Net 1537133819: Recv: LoginPacketResponse.Success[0m
[92m2021-02-15 16:35:39 I/Net 1537133819: Login successful[0m
[0m2021-02-15 16:35:39 V/Net 1537133819: Send: StatSvc.register[0m
[0m2021-02-15 16:35:39 V/Net 1537133819: Recv: Response(StatSvc.register)[0m
[92m2021-02-15 16:35:39 I/Net 1537133819: Scheduled key refresh in 5h 55min 0.0s.[0m
[0m2021-02-15 16:35:39 V/Net 1537133819: Send: StatSvc.register[0m
[0m2021-02-15 16:35:39 V/Net 1537133819: Recv: Response(StatSvc.register)[0m
[92m2021-02-15 16:35:39 I/Net 1537133819: Awaiting ConfigPushSvc.PushReq.[0m
[92m2021-02-15 16:35:39 I/Net 1537133819: Syncing friend message history...[0m
[92m2021-02-15 16:35:39 I/Net 1537133819: Start loading stranger list...[0m
[92m2021-02-15 16:35:39 I/Net 1537133819: Start loading friend list...[0m
[0m2021-02-15 16:35:39 V/Net 1537133819: Send: MessageSvc.PbGetMsg[0m
[0m2021-02-15 16:35:39 V/Net 1537133819: Send: StatSvc.GetDevLoginInfo[0m
[0m2021-02-15 16:35:39 V/Net 1537133819: Send: OidbSvc.0x496[0m
[0m2021-02-15 16:35:39 V/Net 1537133819: Send: OidbSvc.0x5d2_0[0m
[0m2021-02-15 16:35:39 V/Net 1537133819: Send: friendlist.getFriendGroupList[0m
[0m2021-02-15 16:35:39 V/Net 1537133819: Recv: StrangerList.GetStrangerList.Response(result=0)[0m
[92m2021-02-15 16:35:39 I/Net 1537133819: Successfully loaded stranger list: 0 in total[0m
[92m2021-02-15 16:35:39 I/Net 1537133819: Syncing friend message history: Success.[0m
[0m2021-02-15 16:35:39 V/Net 1537133819: Recv: TroopManagement.GetTroopConfig.Response(true)[0m
[92m2021-02-15 16:35:39 I/Net 1537133819: Start loading group list...[0m
[0m2021-02-15 16:35:39 V/Net 1537133819: Send: friendlist.GetTroopListReqV2[0m
[0m2021-02-15 16:35:39 V/Net 1537133819: Recv: StatSvc.GetDevLoginInfo.Response(deviceList.size=1)[0m
[0m2021-02-15 16:35:39 V/Net 1537133819: Recv: FriendList.GetFriendGroupList.Response[0m
[0m2021-02-15 16:35:39 V/Net 1537133819: Recv: FriendList.GetFriendGroupList.Response[0m
[0m2021-02-15 16:35:39 V/Net 1537133819: Loading friend list: 3/3[0m
[92m2021-02-15 16:35:39 I/Net 1537133819: Successfully loaded friend list: 3 in total[0m
[0m2021-02-15 16:35:39 V/Net 1537133819: Send: friendlist.GetTroopMemberListReq[0m
[0m2021-02-15 16:35:39 V/Net 1537133819: Recv: FriendList.GetTroopMemberList.Response[0m
[92m2021-02-15 16:35:39 I/Net 1537133819: Successfully loaded group list: 1 in total.[0m
[96m2021-02-15 16:35:42 D/Net 1537133819: Received unknown commandName: ConfigPushSvc.PushDomain[0m
[0m2021-02-15 16:35:42 V/Net 1537133819: Recv: ConfigPushSvc.PushReq.PushReqResponse.ConfigPush[0m
[0m2021-02-15 16:35:42 V/Net 1537133819: Saving bdh session to cache[0m
[0m2021-02-15 16:35:42 V/Net 1537133819: Send: ConfigPushSvc.PushResp[0m
[92m2021-02-15 16:35:42 I/Net 1537133819: ConfigPushSvc.PushReq: Config updated.[0m
